<?xml version="1.0" encoding="UTF-8"?>
<coverage generated="1745042023196" clover="3.2.0">
  <project timestamp="1745042023196" name="All files">
    <metrics statements="363" coveredstatements="363" conditionals="49" coveredconditionals="47" methods="13" coveredmethods="13" elements="425" coveredelements="423" complexity="0" loc="363" ncloc="363" packages="1" files="10" classes="10"/>
    <file name="Avatar.tsx" path="C:\Users\ACER\Desktop\donut-ui\src\components\Avatar.tsx">
      <metrics statements="37" coveredstatements="37" conditionals="3" coveredconditionals="3" methods="0" coveredmethods="0"/>
      <line num="1" count="2" type="stmt"/>
      <line num="2" count="2" type="stmt"/>
      <line num="8" count="2" type="stmt"/>
      <line num="9" count="2" type="stmt"/>
      <line num="10" count="2" type="cond" truecount="1" falsecount="0"/>
      <line num="11" count="6" type="stmt"/>
      <line num="12" count="6" type="stmt"/>
      <line num="13" count="6" type="stmt"/>
      <line num="14" count="6" type="stmt"/>
      <line num="15" count="6" type="stmt"/>
      <line num="17" count="6" type="stmt"/>
      <line num="19" count="6" type="stmt"/>
      <line num="22" count="5" type="stmt"/>
      <line num="23" count="2" type="stmt"/>
      <line num="25" count="2" type="stmt"/>
      <line num="26" count="2" type="stmt"/>
      <line num="27" count="2" type="cond" truecount="1" falsecount="0"/>
      <line num="28" count="4" type="stmt"/>
      <line num="29" count="4" type="stmt"/>
      <line num="30" count="4" type="stmt"/>
      <line num="31" count="4" type="stmt"/>
      <line num="32" count="4" type="stmt"/>
      <line num="33" count="4" type="stmt"/>
      <line num="36" count="3" type="stmt"/>
      <line num="37" count="2" type="stmt"/>
      <line num="39" count="2" type="stmt"/>
      <line num="40" count="2" type="stmt"/>
      <line num="43" count="2" type="cond" truecount="1" falsecount="0"/>
      <line num="44" count="6" type="stmt"/>
      <line num="45" count="6" type="stmt"/>
      <line num="46" count="6" type="stmt"/>
      <line num="47" count="6" type="stmt"/>
      <line num="48" count="6" type="stmt"/>
      <line num="50" count="6" type="stmt"/>
      <line num="52" count="6" type="stmt"/>
      <line num="54" count="5" type="stmt"/>
      <line num="55" count="2" type="stmt"/>
    </file>
    <file name="Badge.tsx" path="C:\Users\ACER\Desktop\donut-ui\src\components\Badge.tsx">
      <metrics statements="38" coveredstatements="38" conditionals="3" coveredconditionals="3" methods="1" coveredmethods="1"/>
      <line num="1" count="2" type="stmt"/>
      <line num="2" count="2" type="stmt"/>
      <line num="3" count="2" type="stmt"/>
      <line num="4" count="2" type="stmt"/>
      <line num="6" count="2" type="stmt"/>
      <line num="7" count="2" type="stmt"/>
      <line num="8" count="2" type="stmt"/>
      <line num="9" count="2" type="stmt"/>
      <line num="10" count="2" type="stmt"/>
      <line num="11" count="2" type="stmt"/>
      <line num="12" count="2" type="stmt"/>
      <line num="13" count="2" type="stmt"/>
      <line num="14" count="2" type="stmt"/>
      <line num="15" count="2" type="stmt"/>
      <line num="16" count="2" type="stmt"/>
      <line num="17" count="2" type="stmt"/>
      <line num="18" count="2" type="stmt"/>
      <line num="19" count="2" type="stmt"/>
      <line num="20" count="2" type="stmt"/>
      <line num="21" count="2" type="stmt"/>
      <line num="22" count="2" type="stmt"/>
      <line num="23" count="2" type="stmt"/>
      <line num="24" count="2" type="stmt"/>
      <line num="30" count="2" type="cond" truecount="1" falsecount="0"/>
      <line num="31" count="16" type="stmt"/>
      <line num="32" count="16" type="stmt"/>
      <line num="33" count="16" type="stmt"/>
      <line num="34" count="16" type="stmt"/>
      <line num="35" count="16" type="stmt"/>
      <line num="36" count="16" type="stmt"/>
      <line num="37" count="16" type="cond" truecount="2" falsecount="0"/>
      <line num="39" count="16" type="stmt"/>
      <line num="40" count="16" type="stmt"/>
      <line num="41" count="16" type="stmt"/>
      <line num="42" count="16" type="stmt"/>
      <line num="43" count="16" type="stmt"/>
      <line num="45" count="16" type="stmt"/>
      <line num="48" count="16" type="stmt"/>
    </file>
    <file name="Button.tsx" path="C:\Users\ACER\Desktop\donut-ui\src\components\Button.tsx">
      <metrics statements="65" coveredstatements="65" conditionals="9" coveredconditionals="9" methods="1" coveredmethods="1"/>
      <line num="1" count="2" type="stmt"/>
      <line num="2" count="2" type="stmt"/>
      <line num="3" count="2" type="stmt"/>
      <line num="4" count="2" type="stmt"/>
      <line num="6" count="2" type="stmt"/>
      <line num="7" count="2" type="stmt"/>
      <line num="8" count="2" type="stmt"/>
      <line num="9" count="2" type="stmt"/>
      <line num="10" count="2" type="stmt"/>
      <line num="11" count="2" type="stmt"/>
      <line num="12" count="2" type="stmt"/>
      <line num="13" count="2" type="stmt"/>
      <line num="14" count="2" type="stmt"/>
      <line num="15" count="2" type="stmt"/>
      <line num="16" count="2" type="stmt"/>
      <line num="17" count="2" type="stmt"/>
      <line num="18" count="2" type="stmt"/>
      <line num="19" count="2" type="stmt"/>
      <line num="20" count="2" type="stmt"/>
      <line num="21" count="2" type="stmt"/>
      <line num="22" count="2" type="stmt"/>
      <line num="23" count="2" type="stmt"/>
      <line num="24" count="2" type="stmt"/>
      <line num="25" count="2" type="stmt"/>
      <line num="26" count="2" type="stmt"/>
      <line num="27" count="2" type="stmt"/>
      <line num="28" count="2" type="stmt"/>
      <line num="29" count="2" type="stmt"/>
      <line num="30" count="2" type="stmt"/>
      <line num="31" count="2" type="stmt"/>
      <line num="32" count="2" type="stmt"/>
      <line num="33" count="2" type="stmt"/>
      <line num="34" count="2" type="stmt"/>
      <line num="40" count="2" type="cond" truecount="1" falsecount="0"/>
      <line num="41" count="41" type="stmt"/>
      <line num="42" count="41" type="stmt"/>
      <line num="43" count="41" type="stmt"/>
      <line num="44" count="41" type="stmt"/>
      <line num="45" count="41" type="stmt"/>
      <line num="46" count="41" type="stmt"/>
      <line num="47" count="41" type="stmt"/>
      <line num="48" count="41" type="stmt"/>
      <line num="49" count="41" type="stmt"/>
      <line num="50" count="41" type="stmt"/>
      <line num="51" count="41" type="cond" truecount="1" falsecount="0"/>
      <line num="54" count="41" type="cond" truecount="1" falsecount="0"/>
      <line num="55" count="14" type="stmt"/>
      <line num="56" count="14" type="stmt"/>
      <line num="57" count="14" type="cond" truecount="1" falsecount="0"/>
      <line num="58" count="10" type="cond" truecount="1" falsecount="0"/>
      <line num="59" count="8" type="cond" truecount="1" falsecount="0"/>
      <line num="60" count="6" type="stmt"/>
      <line num="61" count="14" type="cond" truecount="1" falsecount="0"/>
      <line num="62" count="10" type="stmt"/>
      <line num="63" count="10" type="stmt"/>
      <line num="65" count="10" type="cond" truecount="1" falsecount="0"/>
      <line num="66" count="4" type="stmt"/>
      <line num="68" count="4" type="stmt"/>
      <line num="69" count="4" type="stmt"/>
      <line num="70" count="4" type="stmt"/>
      <line num="73" count="4" type="cond" truecount="1" falsecount="0"/>
      <line num="75" count="26" type="stmt"/>
      <line num="76" count="26" type="stmt"/>
      <line num="77" count="26" type="stmt"/>
      <line num="80" count="26" type="stmt"/>
    </file>
    <file name="Input.tsx" path="C:\Users\ACER\Desktop\donut-ui\src\components\Input.tsx">
      <metrics statements="19" coveredstatements="19" conditionals="1" coveredconditionals="1" methods="1" coveredmethods="1"/>
      <line num="1" count="2" type="stmt"/>
      <line num="2" count="2" type="stmt"/>
      <line num="4" count="9" type="cond" truecount="1" falsecount="0"/>
      <line num="5" count="9" type="stmt"/>
      <line num="6" count="9" type="stmt"/>
      <line num="7" count="9" type="stmt"/>
      <line num="8" count="9" type="stmt"/>
      <line num="9" count="9" type="stmt"/>
      <line num="10" count="9" type="stmt"/>
      <line num="11" count="9" type="stmt"/>
      <line num="12" count="9" type="stmt"/>
      <line num="13" count="9" type="stmt"/>
      <line num="14" count="9" type="stmt"/>
      <line num="15" count="9" type="stmt"/>
      <line num="16" count="9" type="stmt"/>
      <line num="17" count="9" type="stmt"/>
      <line num="19" count="9" type="stmt"/>
      <line num="22" count="9" type="stmt"/>
      <line num="24" count="1" type="stmt"/>
    </file>
    <file name="Label.tsx" path="C:\Users\ACER\Desktop\donut-ui\src\components\Label.tsx">
      <metrics statements="17" coveredstatements="17" conditionals="1" coveredconditionals="1" methods="1" coveredmethods="1"/>
      <line num="1" count="2" type="stmt"/>
      <line num="2" count="2" type="stmt"/>
      <line num="4" count="5" type="cond" truecount="1" falsecount="0"/>
      <line num="5" count="5" type="stmt"/>
      <line num="6" count="5" type="stmt"/>
      <line num="7" count="5" type="stmt"/>
      <line num="8" count="5" type="stmt"/>
      <line num="9" count="5" type="stmt"/>
      <line num="10" count="5" type="stmt"/>
      <line num="11" count="5" type="stmt"/>
      <line num="12" count="5" type="stmt"/>
      <line num="13" count="5" type="stmt"/>
      <line num="14" count="5" type="stmt"/>
      <line num="15" count="5" type="stmt"/>
      <line num="17" count="5" type="stmt"/>
      <line num="20" count="5" type="stmt"/>
      <line num="22" count="1" type="stmt"/>
    </file>
    <file name="RadioGroup.tsx" path="C:\Users\ACER\Desktop\donut-ui\src\components\RadioGroup.tsx">
      <metrics statements="72" coveredstatements="72" conditionals="12" coveredconditionals="12" methods="4" coveredmethods="4"/>
      <line num="1" count="2" type="stmt"/>
      <line num="2" count="2" type="stmt"/>
      <line num="3" count="2" type="stmt"/>
      <line num="11" count="2" type="stmt"/>
      <line num="23" count="2" type="cond" truecount="1" falsecount="0"/>
      <line num="24" count="8" type="stmt"/>
      <line num="25" count="8" type="stmt"/>
      <line num="26" count="8" type="stmt"/>
      <line num="27" count="8" type="stmt"/>
      <line num="28" count="8" type="stmt"/>
      <line num="29" count="8" type="stmt"/>
      <line num="30" count="8" type="stmt"/>
      <line num="31" count="8" type="stmt"/>
      <line num="32" count="8" type="stmt"/>
      <line num="33" count="8" type="stmt"/>
      <line num="34" count="8" type="stmt"/>
      <line num="36" count="8" type="stmt"/>
      <line num="37" count="8" type="cond" truecount="1" falsecount="0"/>
      <line num="40" count="8" type="cond" truecount="2" falsecount="0"/>
      <line num="42" count="8" type="cond" truecount="1" falsecount="0"/>
      <line num="43" count="2" type="stmt"/>
      <line num="44" count="2" type="stmt"/>
      <line num="45" count="2" type="stmt"/>
      <line num="47" count="8" type="stmt"/>
      <line num="48" count="8" type="stmt"/>
      <line num="49" count="8" type="stmt"/>
      <line num="51" count="8" type="stmt"/>
      <line num="52" count="8" type="stmt"/>
      <line num="53" count="8" type="stmt"/>
      <line num="54" count="8" type="stmt"/>
      <line num="55" count="8" type="cond" truecount="2" falsecount="0"/>
      <line num="56" count="8" type="stmt"/>
      <line num="58" count="8" type="stmt"/>
      <line num="60" count="8" type="stmt"/>
      <line num="64" count="8" type="stmt"/>
      <line num="74" count="2" type="cond" truecount="1" falsecount="0"/>
      <line num="75" count="22" type="stmt"/>
      <line num="76" count="22" type="stmt"/>
      <line num="77" count="22" type="stmt"/>
      <line num="78" count="22" type="stmt"/>
      <line num="79" count="22" type="stmt"/>
      <line num="80" count="22" type="stmt"/>
      <line num="81" count="22" type="stmt"/>
      <line num="82" count="22" type="stmt"/>
      <line num="83" count="22" type="cond" truecount="1" falsecount="0"/>
      <line num="84" count="2" type="stmt"/>
      <line num="85" count="2" type="cond" truecount="1" falsecount="0"/>
      <line num="87" count="19" type="stmt"/>
      <line num="88" count="19" type="stmt"/>
      <line num="90" count="19" type="stmt"/>
      <line num="91" count="19" type="stmt"/>
      <line num="92" count="19" type="stmt"/>
      <line num="93" count="19" type="stmt"/>
      <line num="94" count="19" type="stmt"/>
      <line num="96" count="19" type="stmt"/>
      <line num="97" count="19" type="stmt"/>
      <line num="98" count="19" type="stmt"/>
      <line num="99" count="19" type="stmt"/>
      <line num="100" count="19" type="stmt"/>
      <line num="101" count="19" type="stmt"/>
      <line num="102" count="19" type="stmt"/>
      <line num="103" count="19" type="stmt"/>
      <line num="104" count="19" type="cond" truecount="1" falsecount="0"/>
      <line num="105" count="19" type="stmt"/>
      <line num="107" count="19" type="stmt"/>
      <line num="108" count="19" type="stmt"/>
      <line num="109" count="19" type="stmt"/>
      <line num="110" count="22" type="cond" truecount="1" falsecount="0"/>
      <line num="113" count="22" type="stmt"/>
      <line num="114" count="22" type="stmt"/>
      <line num="117" count="22" type="stmt"/>
      <line num="120" count="22" type="stmt"/>
    </file>
    <file name="Switch.tsx" path="C:\Users\ACER\Desktop\donut-ui\src\components\Switch.tsx">
      <metrics statements="39" coveredstatements="39" conditionals="9" coveredconditionals="8" methods="2" coveredmethods="2"/>
      <line num="1" count="2" type="stmt"/>
      <line num="2" count="2" type="stmt"/>
      <line num="11" count="2" type="cond" truecount="1" falsecount="0"/>
      <line num="12" count="7" type="stmt"/>
      <line num="13" count="7" type="stmt"/>
      <line num="14" count="7" type="stmt"/>
      <line num="15" count="7" type="stmt"/>
      <line num="16" count="7" type="stmt"/>
      <line num="17" count="7" type="stmt"/>
      <line num="18" count="7" type="cond" truecount="1" falsecount="0"/>
      <line num="20" count="7" type="cond" truecount="1" falsecount="0"/>
      <line num="21" count="2" type="cond" truecount="0" falsecount="1"/>
      <line num="22" count="2" type="stmt"/>
      <line num="23" count="2" type="stmt"/>
      <line num="24" count="2" type="stmt"/>
      <line num="25" count="2" type="stmt"/>
      <line num="27" count="7" type="stmt"/>
      <line num="28" count="7" type="stmt"/>
      <line num="29" count="7" type="stmt"/>
      <line num="30" count="7" type="stmt"/>
      <line num="31" count="7" type="stmt"/>
      <line num="32" count="7" type="stmt"/>
      <line num="33" count="7" type="stmt"/>
      <line num="34" count="7" type="stmt"/>
      <line num="35" count="7" type="stmt"/>
      <line num="36" count="7" type="cond" truecount="1" falsecount="0"/>
      <line num="37" count="2" type="cond" truecount="1" falsecount="0"/>
      <line num="38" count="5" type="stmt"/>
      <line num="39" count="7" type="cond" truecount="1" falsecount="0"/>
      <line num="40" count="7" type="stmt"/>
      <line num="42" count="7" type="stmt"/>
      <line num="44" count="7" type="stmt"/>
      <line num="45" count="7" type="stmt"/>
      <line num="46" count="7" type="stmt"/>
      <line num="47" count="7" type="cond" truecount="1" falsecount="0"/>
      <line num="48" count="2" type="cond" truecount="1" falsecount="0"/>
      <line num="49" count="5" type="stmt"/>
      <line num="54" count="7" type="stmt"/>
      <line num="56" count="1" type="stmt"/>
    </file>
    <file name="Textarea.tsx" path="C:\Users\ACER\Desktop\donut-ui\src\components\Textarea.tsx">
      <metrics statements="12" coveredstatements="12" conditionals="1" coveredconditionals="1" methods="1" coveredmethods="1"/>
      <line num="1" count="2" type="stmt"/>
      <line num="2" count="2" type="stmt"/>
      <line num="4" count="5" type="cond" truecount="1" falsecount="0"/>
      <line num="5" count="5" type="stmt"/>
      <line num="6" count="5" type="stmt"/>
      <line num="7" count="5" type="stmt"/>
      <line num="8" count="5" type="stmt"/>
      <line num="9" count="5" type="stmt"/>
      <line num="10" count="5" type="stmt"/>
      <line num="12" count="5" type="stmt"/>
      <line num="15" count="5" type="stmt"/>
      <line num="17" count="1" type="stmt"/>
    </file>
    <file name="Toggle.tsx" path="C:\Users\ACER\Desktop\donut-ui\src\components\Toggle.tsx">
      <metrics statements="55" coveredstatements="55" conditionals="10" coveredconditionals="9" methods="2" coveredmethods="2"/>
      <line num="1" count="2" type="stmt"/>
      <line num="2" count="2" type="stmt"/>
      <line num="3" count="2" type="stmt"/>
      <line num="5" count="2" type="stmt"/>
      <line num="6" count="2" type="stmt"/>
      <line num="7" count="2" type="stmt"/>
      <line num="8" count="2" type="stmt"/>
      <line num="9" count="2" type="stmt"/>
      <line num="10" count="2" type="stmt"/>
      <line num="11" count="2" type="stmt"/>
      <line num="12" count="2" type="stmt"/>
      <line num="13" count="2" type="stmt"/>
      <line num="14" count="2" type="stmt"/>
      <line num="15" count="2" type="stmt"/>
      <line num="16" count="2" type="stmt"/>
      <line num="17" count="2" type="stmt"/>
      <line num="18" count="2" type="stmt"/>
      <line num="19" count="2" type="stmt"/>
      <line num="20" count="2" type="stmt"/>
      <line num="21" count="2" type="stmt"/>
      <line num="22" count="2" type="stmt"/>
      <line num="23" count="2" type="stmt"/>
      <line num="24" count="2" type="stmt"/>
      <line num="38" count="2" type="cond" truecount="1" falsecount="0"/>
      <line num="39" count="14" type="stmt"/>
      <line num="40" count="14" type="stmt"/>
      <line num="41" count="14" type="stmt"/>
      <line num="42" count="14" type="stmt"/>
      <line num="43" count="14" type="stmt"/>
      <line num="44" count="14" type="stmt"/>
      <line num="45" count="14" type="stmt"/>
      <line num="46" count="14" type="stmt"/>
      <line num="47" count="14" type="stmt"/>
      <line num="48" count="14" type="stmt"/>
      <line num="49" count="14" type="cond" truecount="1" falsecount="0"/>
      <line num="51" count="14" type="stmt"/>
      <line num="52" count="14" type="cond" truecount="2" falsecount="0"/>
      <line num="54" count="14" type="cond" truecount="1" falsecount="0"/>
      <line num="55" count="5" type="stmt"/>
      <line num="56" count="5" type="cond" truecount="1" falsecount="0"/>
      <line num="57" count="4" type="stmt"/>
      <line num="58" count="4" type="stmt"/>
      <line num="59" count="5" type="cond" truecount="1" falsecount="0"/>
      <line num="60" count="5" type="cond" truecount="0" falsecount="1"/>
      <line num="61" count="5" type="stmt"/>
      <line num="63" count="14" type="stmt"/>
      <line num="64" count="14" type="stmt"/>
      <line num="65" count="14" type="stmt"/>
      <line num="66" count="14" type="cond" truecount="2" falsecount="0"/>
      <line num="67" count="14" type="stmt"/>
      <line num="68" count="14" type="stmt"/>
      <line num="69" count="14" type="stmt"/>
      <line num="70" count="14" type="stmt"/>
      <line num="73" count="14" type="stmt"/>
      <line num="75" count="1" type="stmt"/>
    </file>
    <file name="index.ts" path="C:\Users\ACER\Desktop\donut-ui\src\components\index.ts">
      <metrics statements="9" coveredstatements="9" conditionals="0" coveredconditionals="0" methods="0" coveredmethods="0"/>
      <line num="1" count="2" type="stmt"/>
      <line num="2" count="2" type="stmt"/>
      <line num="3" count="2" type="stmt"/>
      <line num="4" count="2" type="stmt"/>
      <line num="5" count="2" type="stmt"/>
      <line num="6" count="2" type="stmt"/>
      <line num="7" count="2" type="stmt"/>
      <line num="8" count="2" type="stmt"/>
      <line num="9" count="2" type="stmt"/>
    </file>
  </project>
</coverage>
