<?xml version="1.0" encoding="UTF-8"?>
<coverage generated="1744927536832" clover="3.2.0">
  <project timestamp="1744927536832" name="All files">
    <metrics statements="105" coveredstatements="105" conditionals="12" coveredconditionals="12" methods="2" coveredmethods="2" elements="119" coveredelements="119" complexity="0" loc="105" ncloc="105" packages="1" files="3" classes="3"/>
    <file name="Badge.tsx" path="C:\Users\ACER\Desktop\donut-ui\src\components\Badge.tsx">
      <metrics statements="38" coveredstatements="38" conditionals="3" coveredconditionals="3" methods="1" coveredmethods="1"/>
      <line num="1" count="1" type="stmt"/>
      <line num="2" count="1" type="stmt"/>
      <line num="3" count="1" type="stmt"/>
      <line num="4" count="1" type="stmt"/>
      <line num="6" count="1" type="stmt"/>
      <line num="7" count="1" type="stmt"/>
      <line num="8" count="1" type="stmt"/>
      <line num="9" count="1" type="stmt"/>
      <line num="10" count="1" type="stmt"/>
      <line num="11" count="1" type="stmt"/>
      <line num="12" count="1" type="stmt"/>
      <line num="13" count="1" type="stmt"/>
      <line num="14" count="1" type="stmt"/>
      <line num="15" count="1" type="stmt"/>
      <line num="16" count="1" type="stmt"/>
      <line num="17" count="1" type="stmt"/>
      <line num="18" count="1" type="stmt"/>
      <line num="19" count="1" type="stmt"/>
      <line num="20" count="1" type="stmt"/>
      <line num="21" count="1" type="stmt"/>
      <line num="22" count="1" type="stmt"/>
      <line num="23" count="1" type="stmt"/>
      <line num="24" count="1" type="stmt"/>
      <line num="30" count="1" type="cond" truecount="1" falsecount="0"/>
      <line num="31" count="11" type="stmt"/>
      <line num="32" count="11" type="stmt"/>
      <line num="33" count="11" type="stmt"/>
      <line num="34" count="11" type="stmt"/>
      <line num="35" count="11" type="stmt"/>
      <line num="36" count="11" type="stmt"/>
      <line num="37" count="11" type="cond" truecount="2" falsecount="0"/>
      <line num="39" count="11" type="stmt"/>
      <line num="40" count="11" type="stmt"/>
      <line num="41" count="11" type="stmt"/>
      <line num="42" count="11" type="stmt"/>
      <line num="43" count="11" type="stmt"/>
      <line num="45" count="11" type="stmt"/>
      <line num="48" count="11" type="stmt"/>
    </file>
    <file name="Button.tsx" path="C:\Users\ACER\Desktop\donut-ui\src\components\Button.tsx">
      <metrics statements="65" coveredstatements="65" conditionals="9" coveredconditionals="9" methods="1" coveredmethods="1"/>
      <line num="1" count="1" type="stmt"/>
      <line num="2" count="1" type="stmt"/>
      <line num="3" count="1" type="stmt"/>
      <line num="4" count="1" type="stmt"/>
      <line num="6" count="1" type="stmt"/>
      <line num="7" count="1" type="stmt"/>
      <line num="8" count="1" type="stmt"/>
      <line num="9" count="1" type="stmt"/>
      <line num="10" count="1" type="stmt"/>
      <line num="11" count="1" type="stmt"/>
      <line num="12" count="1" type="stmt"/>
      <line num="13" count="1" type="stmt"/>
      <line num="14" count="1" type="stmt"/>
      <line num="15" count="1" type="stmt"/>
      <line num="16" count="1" type="stmt"/>
      <line num="17" count="1" type="stmt"/>
      <line num="18" count="1" type="stmt"/>
      <line num="19" count="1" type="stmt"/>
      <line num="20" count="1" type="stmt"/>
      <line num="21" count="1" type="stmt"/>
      <line num="22" count="1" type="stmt"/>
      <line num="23" count="1" type="stmt"/>
      <line num="24" count="1" type="stmt"/>
      <line num="25" count="1" type="stmt"/>
      <line num="26" count="1" type="stmt"/>
      <line num="27" count="1" type="stmt"/>
      <line num="28" count="1" type="stmt"/>
      <line num="29" count="1" type="stmt"/>
      <line num="30" count="1" type="stmt"/>
      <line num="31" count="1" type="stmt"/>
      <line num="32" count="1" type="stmt"/>
      <line num="33" count="1" type="stmt"/>
      <line num="34" count="1" type="stmt"/>
      <line num="40" count="1" type="cond" truecount="1" falsecount="0"/>
      <line num="41" count="30" type="stmt"/>
      <line num="42" count="30" type="stmt"/>
      <line num="43" count="30" type="stmt"/>
      <line num="44" count="30" type="stmt"/>
      <line num="45" count="30" type="stmt"/>
      <line num="46" count="30" type="stmt"/>
      <line num="47" count="30" type="stmt"/>
      <line num="48" count="30" type="stmt"/>
      <line num="49" count="30" type="stmt"/>
      <line num="50" count="30" type="stmt"/>
      <line num="51" count="30" type="cond" truecount="1" falsecount="0"/>
      <line num="54" count="30" type="cond" truecount="1" falsecount="0"/>
      <line num="55" count="13" type="stmt"/>
      <line num="56" count="13" type="stmt"/>
      <line num="57" count="13" type="cond" truecount="1" falsecount="0"/>
      <line num="58" count="9" type="cond" truecount="1" falsecount="0"/>
      <line num="59" count="7" type="cond" truecount="1" falsecount="0"/>
      <line num="60" count="5" type="stmt"/>
      <line num="61" count="13" type="cond" truecount="1" falsecount="0"/>
      <line num="62" count="10" type="stmt"/>
      <line num="63" count="10" type="stmt"/>
      <line num="65" count="10" type="cond" truecount="1" falsecount="0"/>
      <line num="66" count="3" type="stmt"/>
      <line num="68" count="3" type="stmt"/>
      <line num="69" count="3" type="stmt"/>
      <line num="70" count="3" type="stmt"/>
      <line num="73" count="3" type="cond" truecount="1" falsecount="0"/>
      <line num="75" count="16" type="stmt"/>
      <line num="76" count="16" type="stmt"/>
      <line num="77" count="16" type="stmt"/>
      <line num="80" count="16" type="stmt"/>
    </file>
    <file name="index.ts" path="C:\Users\ACER\Desktop\donut-ui\src\components\index.ts">
      <metrics statements="2" coveredstatements="2" conditionals="0" coveredconditionals="0" methods="0" coveredmethods="0"/>
      <line num="1" count="1" type="stmt"/>
      <line num="2" count="1" type="stmt"/>
    </file>
  </project>
</coverage>
