{
  "C:\\Users\\ACER\\Desktop\\donut-ui\\src\\components\\Badge.tsx": {
    "path": "C:\\Users\\ACER\\Desktop\\donut-ui\\src\\components\\Badge.tsx",
    "all": false,
    "statementMap": {
      "0": {
        "start": { "line": 1, "column": 0 },
        "end": { "line": 1, "column": 31 }
      },
      "1": {
        "start": { "line": 2, "column": 0 },
        "end": { "line": 2, "column": 66 }
      },
      "2": {
        "start": { "line": 3, "column": 0 },
        "end": { "line": 3, "column": 34 }
      },
      "3": {
        "start": { "line": 4, "column": 0 },
        "end": { "line": 4, "column": 35 }
      },
      "5": {
        "start": { "line": 6, "column": 0 },
        "end": { "line": 6, "column": 26 }
      },
      "6": {
        "start": { "line": 7, "column": 0 },
        "end": { "line": 7, "column": 403 }
      },
      "7": {
        "start": { "line": 8, "column": 0 },
        "end": { "line": 8, "column": 3 }
      },
      "8": {
        "start": { "line": 9, "column": 0 },
        "end": { "line": 9, "column": 15 }
      },
      "9": {
        "start": { "line": 10, "column": 0 },
        "end": { "line": 10, "column": 16 }
      },
      "10": {
        "start": { "line": 11, "column": 0 },
        "end": { "line": 11, "column": 16 }
      },
      "11": {
        "start": { "line": 12, "column": 0 },
        "end": { "line": 12, "column": 91 }
      },
      "12": {
        "start": { "line": 13, "column": 0 },
        "end": { "line": 13, "column": 18 }
      },
      "13": {
        "start": { "line": 14, "column": 0 },
        "end": { "line": 14, "column": 97 }
      },
      "14": {
        "start": { "line": 15, "column": 0 },
        "end": { "line": 15, "column": 20 }
      },
      "15": {
        "start": { "line": 16, "column": 0 },
        "end": { "line": 16, "column": 182 }
      },
      "16": {
        "start": { "line": 17, "column": 0 },
        "end": { "line": 17, "column": 16 }
      },
      "17": {
        "start": { "line": 18, "column": 0 },
        "end": { "line": 18, "column": 83 }
      },
      "18": {
        "start": { "line": 19, "column": 0 },
        "end": { "line": 19, "column": 8 }
      },
      "19": {
        "start": { "line": 20, "column": 0 },
        "end": { "line": 20, "column": 6 }
      },
      "20": {
        "start": { "line": 21, "column": 0 },
        "end": { "line": 21, "column": 22 }
      },
      "21": {
        "start": { "line": 22, "column": 0 },
        "end": { "line": 22, "column": 25 }
      },
      "22": {
        "start": { "line": 23, "column": 0 },
        "end": { "line": 23, "column": 6 }
      },
      "23": {
        "start": { "line": 24, "column": 0 },
        "end": { "line": 24, "column": 3 }
      },
      "29": {
        "start": { "line": 30, "column": 0 },
        "end": { "line": 30, "column": 31 }
      },
      "30": {
        "start": { "line": 31, "column": 0 },
        "end": { "line": 31, "column": 12 }
      },
      "31": {
        "start": { "line": 32, "column": 0 },
        "end": { "line": 32, "column": 10 }
      },
      "32": {
        "start": { "line": 33, "column": 0 },
        "end": { "line": 33, "column": 18 }
      },
      "33": {
        "start": { "line": 34, "column": 0 },
        "end": { "line": 34, "column": 11 }
      },
      "34": {
        "start": { "line": 35, "column": 0 },
        "end": { "line": 35, "column": 10 }
      },
      "35": {
        "start": { "line": 36, "column": 0 },
        "end": { "line": 36, "column": 16 }
      },
      "36": {
        "start": { "line": 37, "column": 0 },
        "end": { "line": 37, "column": 39 }
      },
      "38": {
        "start": { "line": 39, "column": 0 },
        "end": { "line": 39, "column": 10 }
      },
      "39": {
        "start": { "line": 40, "column": 0 },
        "end": { "line": 40, "column": 9 }
      },
      "40": {
        "start": { "line": 41, "column": 0 },
        "end": { "line": 41, "column": 23 }
      },
      "41": {
        "start": { "line": 42, "column": 0 },
        "end": { "line": 42, "column": 59 }
      },
      "42": {
        "start": { "line": 43, "column": 0 },
        "end": { "line": 43, "column": 16 }
      },
      "44": {
        "start": { "line": 45, "column": 0 },
        "end": { "line": 45, "column": 16 }
      },
      "47": {
        "start": { "line": 48, "column": 0 },
        "end": { "line": 48, "column": 1 }
      }
    },
    "s": {
      "0": 1,
      "1": 1,
      "2": 1,
      "3": 1,
      "5": 1,
      "6": 1,
      "7": 1,
      "8": 1,
      "9": 1,
      "10": 1,
      "11": 1,
      "12": 1,
      "13": 1,
      "14": 1,
      "15": 1,
      "16": 1,
      "17": 1,
      "18": 1,
      "19": 1,
      "20": 1,
      "21": 1,
      "22": 1,
      "23": 1,
      "29": 1,
      "30": 11,
      "31": 11,
      "32": 11,
      "33": 11,
      "34": 11,
      "35": 11,
      "36": 11,
      "38": 11,
      "39": 11,
      "40": 11,
      "41": 11,
      "42": 11,
      "44": 11,
      "47": 11
    },
    "branchMap": {
      "0": {
        "type": "branch",
        "line": 30,
        "loc": {
          "start": { "line": 30, "column": 15 },
          "end": { "line": 48, "column": 1 }
        },
        "locations": [
          {
            "start": { "line": 30, "column": 15 },
            "end": { "line": 48, "column": 1 }
          }
        ]
      },
      "1": {
        "type": "branch",
        "line": 37,
        "loc": {
          "start": { "line": 37, "column": 15 },
          "end": { "line": 37, "column": 32 }
        },
        "locations": [
          {
            "start": { "line": 37, "column": 15 },
            "end": { "line": 37, "column": 32 }
          }
        ]
      },
      "2": {
        "type": "branch",
        "line": 37,
        "loc": {
          "start": { "line": 37, "column": 25 },
          "end": { "line": 37, "column": 39 }
        },
        "locations": [
          {
            "start": { "line": 37, "column": 25 },
            "end": { "line": 37, "column": 39 }
          }
        ]
      }
    },
    "b": { "0": [11], "1": [2], "2": [9] },
    "fnMap": {
      "0": {
        "name": "Badge",
        "decl": {
          "start": { "line": 30, "column": 15 },
          "end": { "line": 48, "column": 1 }
        },
        "loc": {
          "start": { "line": 30, "column": 15 },
          "end": { "line": 48, "column": 1 }
        },
        "line": 30
      }
    },
    "f": { "0": 11 }
  },
  "C:\\Users\\ACER\\Desktop\\donut-ui\\src\\components\\Button.tsx": {
    "path": "C:\\Users\\ACER\\Desktop\\donut-ui\\src\\components\\Button.tsx",
    "all": false,
    "statementMap": {
      "0": {
        "start": { "line": 1, "column": 0 },
        "end": { "line": 1, "column": 31 }
      },
      "1": {
        "start": { "line": 2, "column": 0 },
        "end": { "line": 2, "column": 66 }
      },
      "2": {
        "start": { "line": 3, "column": 0 },
        "end": { "line": 3, "column": 34 }
      },
      "3": {
        "start": { "line": 4, "column": 0 },
        "end": { "line": 4, "column": 35 }
      },
      "5": {
        "start": { "line": 6, "column": 0 },
        "end": { "line": 6, "column": 27 }
      },
      "6": {
        "start": { "line": 7, "column": 0 },
        "end": { "line": 7, "column": 448 }
      },
      "7": {
        "start": { "line": 8, "column": 0 },
        "end": { "line": 8, "column": 3 }
      },
      "8": {
        "start": { "line": 9, "column": 0 },
        "end": { "line": 9, "column": 15 }
      },
      "9": {
        "start": { "line": 10, "column": 0 },
        "end": { "line": 10, "column": 16 }
      },
      "10": {
        "start": { "line": 11, "column": 0 },
        "end": { "line": 11, "column": 16 }
      },
      "11": {
        "start": { "line": 12, "column": 0 },
        "end": { "line": 12, "column": 77 }
      },
      "12": {
        "start": { "line": 13, "column": 0 },
        "end": { "line": 13, "column": 20 }
      },
      "13": {
        "start": { "line": 14, "column": 0 },
        "end": { "line": 14, "column": 168 }
      },
      "14": {
        "start": { "line": 15, "column": 0 },
        "end": { "line": 15, "column": 16 }
      },
      "15": {
        "start": { "line": 16, "column": 0 },
        "end": { "line": 16, "column": 146 }
      },
      "16": {
        "start": { "line": 17, "column": 0 },
        "end": { "line": 17, "column": 18 }
      },
      "17": {
        "start": { "line": 18, "column": 0 },
        "end": { "line": 18, "column": 83 }
      },
      "18": {
        "start": { "line": 19, "column": 0 },
        "end": { "line": 19, "column": 14 }
      },
      "19": {
        "start": { "line": 20, "column": 0 },
        "end": { "line": 20, "column": 81 }
      },
      "20": {
        "start": { "line": 21, "column": 0 },
        "end": { "line": 21, "column": 64 }
      },
      "21": {
        "start": { "line": 22, "column": 0 },
        "end": { "line": 22, "column": 8 }
      },
      "22": {
        "start": { "line": 23, "column": 0 },
        "end": { "line": 23, "column": 13 }
      },
      "23": {
        "start": { "line": 24, "column": 0 },
        "end": { "line": 24, "column": 49 }
      },
      "24": {
        "start": { "line": 25, "column": 0 },
        "end": { "line": 25, "column": 60 }
      },
      "25": {
        "start": { "line": 26, "column": 0 },
        "end": { "line": 26, "column": 51 }
      },
      "26": {
        "start": { "line": 27, "column": 0 },
        "end": { "line": 27, "column": 23 }
      },
      "27": {
        "start": { "line": 28, "column": 0 },
        "end": { "line": 28, "column": 8 }
      },
      "28": {
        "start": { "line": 29, "column": 0 },
        "end": { "line": 29, "column": 6 }
      },
      "29": {
        "start": { "line": 30, "column": 0 },
        "end": { "line": 30, "column": 22 }
      },
      "30": {
        "start": { "line": 31, "column": 0 },
        "end": { "line": 31, "column": 25 }
      },
      "31": {
        "start": { "line": 32, "column": 0 },
        "end": { "line": 32, "column": 22 }
      },
      "32": {
        "start": { "line": 33, "column": 0 },
        "end": { "line": 33, "column": 6 }
      },
      "33": {
        "start": { "line": 34, "column": 0 },
        "end": { "line": 34, "column": 3 }
      },
      "39": {
        "start": { "line": 40, "column": 0 },
        "end": { "line": 40, "column": 32 }
      },
      "40": {
        "start": { "line": 41, "column": 0 },
        "end": { "line": 41, "column": 12 }
      },
      "41": {
        "start": { "line": 42, "column": 0 },
        "end": { "line": 42, "column": 10 }
      },
      "42": {
        "start": { "line": 43, "column": 0 },
        "end": { "line": 43, "column": 7 }
      },
      "43": {
        "start": { "line": 44, "column": 0 },
        "end": { "line": 44, "column": 18 }
      },
      "44": {
        "start": { "line": 45, "column": 0 },
        "end": { "line": 45, "column": 11 }
      },
      "45": {
        "start": { "line": 46, "column": 0 },
        "end": { "line": 46, "column": 10 }
      },
      "46": {
        "start": { "line": 47, "column": 0 },
        "end": { "line": 47, "column": 17 }
      },
      "47": {
        "start": { "line": 48, "column": 0 },
        "end": { "line": 48, "column": 31 }
      },
      "48": {
        "start": { "line": 49, "column": 0 },
        "end": { "line": 49, "column": 38 }
      },
      "49": {
        "start": { "line": 50, "column": 0 },
        "end": { "line": 50, "column": 14 }
      },
      "50": {
        "start": { "line": 51, "column": 0 },
        "end": { "line": 51, "column": 30 }
      },
      "53": {
        "start": { "line": 54, "column": 0 },
        "end": { "line": 54, "column": 16 }
      },
      "54": {
        "start": { "line": 55, "column": 0 },
        "end": { "line": 55, "column": 39 }
      },
      "55": {
        "start": { "line": 56, "column": 0 },
        "end": { "line": 56, "column": 8 }
      },
      "56": {
        "start": { "line": 57, "column": 0 },
        "end": { "line": 57, "column": 25 }
      },
      "57": {
        "start": { "line": 58, "column": 0 },
        "end": { "line": 58, "column": 37 }
      },
      "58": {
        "start": { "line": 59, "column": 0 },
        "end": { "line": 59, "column": 37 }
      },
      "59": {
        "start": { "line": 60, "column": 0 },
        "end": { "line": 60, "column": 35 }
      },
      "60": {
        "start": { "line": 61, "column": 0 },
        "end": { "line": 61, "column": 7 }
      },
      "61": {
        "start": { "line": 62, "column": 0 },
        "end": { "line": 62, "column": 22 }
      },
      "62": {
        "start": { "line": 63, "column": 0 },
        "end": { "line": 63, "column": 80 }
      },
      "64": {
        "start": { "line": 65, "column": 0 },
        "end": { "line": 65, "column": 5 }
      },
      "65": {
        "start": { "line": 66, "column": 0 },
        "end": { "line": 66, "column": 48 }
      },
      "67": {
        "start": { "line": 68, "column": 0 },
        "end": { "line": 68, "column": 12 }
      },
      "68": {
        "start": { "line": 69, "column": 0 },
        "end": { "line": 69, "column": 53 }
      },
      "69": {
        "start": { "line": 70, "column": 0 },
        "end": { "line": 70, "column": 15 }
      },
      "72": {
        "start": { "line": 73, "column": 0 },
        "end": { "line": 73, "column": 3 }
      },
      "74": {
        "start": { "line": 75, "column": 0 },
        "end": { "line": 75, "column": 10 }
      },
      "75": {
        "start": { "line": 76, "column": 0 },
        "end": { "line": 76, "column": 53 }
      },
      "76": {
        "start": { "line": 77, "column": 0 },
        "end": { "line": 77, "column": 16 }
      },
      "79": {
        "start": { "line": 80, "column": 0 },
        "end": { "line": 80, "column": 1 }
      }
    },
    "s": {
      "0": 1,
      "1": 1,
      "2": 1,
      "3": 1,
      "5": 1,
      "6": 1,
      "7": 1,
      "8": 1,
      "9": 1,
      "10": 1,
      "11": 1,
      "12": 1,
      "13": 1,
      "14": 1,
      "15": 1,
      "16": 1,
      "17": 1,
      "18": 1,
      "19": 1,
      "20": 1,
      "21": 1,
      "22": 1,
      "23": 1,
      "24": 1,
      "25": 1,
      "26": 1,
      "27": 1,
      "28": 1,
      "29": 1,
      "30": 1,
      "31": 1,
      "32": 1,
      "33": 1,
      "39": 1,
      "40": 30,
      "41": 30,
      "42": 30,
      "43": 30,
      "44": 30,
      "45": 30,
      "46": 30,
      "47": 30,
      "48": 30,
      "49": 30,
      "50": 30,
      "53": 30,
      "54": 13,
      "55": 13,
      "56": 13,
      "57": 9,
      "58": 7,
      "59": 5,
      "60": 13,
      "61": 10,
      "62": 10,
      "64": 10,
      "65": 3,
      "67": 3,
      "68": 3,
      "69": 3,
      "72": 3,
      "74": 16,
      "75": 16,
      "76": 16,
      "79": 16
    },
    "branchMap": {
      "0": {
        "type": "branch",
        "line": 40,
        "loc": {
          "start": { "line": 40, "column": 15 },
          "end": { "line": 80, "column": 1 }
        },
        "locations": [
          {
            "start": { "line": 40, "column": 15 },
            "end": { "line": 80, "column": 1 }
          }
        ]
      },
      "1": {
        "type": "branch",
        "line": 51,
        "loc": {
          "start": { "line": 51, "column": 5 },
          "end": { "line": 51, "column": 30 }
        },
        "locations": [
          {
            "start": { "line": 51, "column": 5 },
            "end": { "line": 51, "column": 30 }
          }
        ]
      },
      "2": {
        "type": "branch",
        "line": 54,
        "loc": {
          "start": { "line": 54, "column": 15 },
          "end": { "line": 73, "column": 3 }
        },
        "locations": [
          {
            "start": { "line": 54, "column": 15 },
            "end": { "line": 73, "column": 3 }
          }
        ]
      },
      "3": {
        "type": "branch",
        "line": 57,
        "loc": {
          "start": { "line": 57, "column": 18 },
          "end": { "line": 58, "column": 37 }
        },
        "locations": [
          {
            "start": { "line": 57, "column": 18 },
            "end": { "line": 58, "column": 37 }
          }
        ]
      },
      "4": {
        "type": "branch",
        "line": 58,
        "loc": {
          "start": { "line": 58, "column": 26 },
          "end": { "line": 59, "column": 37 }
        },
        "locations": [
          {
            "start": { "line": 58, "column": 26 },
            "end": { "line": 59, "column": 37 }
          }
        ]
      },
      "5": {
        "type": "branch",
        "line": 59,
        "loc": {
          "start": { "line": 59, "column": 26 },
          "end": { "line": 60, "column": 35 }
        },
        "locations": [
          {
            "start": { "line": 59, "column": 26 },
            "end": { "line": 60, "column": 35 }
          }
        ]
      },
      "6": {
        "type": "branch",
        "line": 61,
        "loc": {
          "start": { "line": 61, "column": 6 },
          "end": { "line": 65, "column": 5 }
        },
        "locations": [
          {
            "start": { "line": 61, "column": 6 },
            "end": { "line": 65, "column": 5 }
          }
        ]
      },
      "7": {
        "type": "branch",
        "line": 65,
        "loc": {
          "start": { "line": 65, "column": 4 },
          "end": { "line": 73, "column": 3 }
        },
        "locations": [
          {
            "start": { "line": 65, "column": 4 },
            "end": { "line": 73, "column": 3 }
          }
        ]
      },
      "8": {
        "type": "branch",
        "line": 73,
        "loc": {
          "start": { "line": 73, "column": 2 },
          "end": { "line": 80, "column": 1 }
        },
        "locations": [
          {
            "start": { "line": 73, "column": 2 },
            "end": { "line": 80, "column": 1 }
          }
        ]
      }
    },
    "b": {
      "0": [30],
      "1": [16],
      "2": [13],
      "3": [9],
      "4": [7],
      "5": [5],
      "6": [10],
      "7": [3],
      "8": [16]
    },
    "fnMap": {
      "0": {
        "name": "Button",
        "decl": {
          "start": { "line": 40, "column": 15 },
          "end": { "line": 80, "column": 1 }
        },
        "loc": {
          "start": { "line": 40, "column": 15 },
          "end": { "line": 80, "column": 1 }
        },
        "line": 40
      }
    },
    "f": { "0": 30 }
  },
  "C:\\Users\\ACER\\Desktop\\donut-ui\\src\\components\\index.ts": {
    "path": "C:\\Users\\ACER\\Desktop\\donut-ui\\src\\components\\index.ts",
    "all": false,
    "statementMap": {
      "0": {
        "start": { "line": 1, "column": 0 },
        "end": { "line": 1, "column": 45 }
      },
      "1": {
        "start": { "line": 2, "column": 0 },
        "end": { "line": 2, "column": 43 }
      }
    },
    "s": { "0": 1, "1": 1 },
    "branchMap": {},
    "b": {},
    "fnMap": {},
    "f": {}
  }
}
