{
  "C:\\Users\\ACER\\Desktop\\donut-ui\\src\\components\\Avatar.tsx": {
    "path": "C:\\Users\\ACER\\Desktop\\donut-ui\\src\\components\\Avatar.tsx",
    "all": false,
    "statementMap": {
      "0": {
        "start": { "line": 1, "column": 0 },
        "end": { "line": 1, "column": 26 }
      },
      "1": {
        "start": { "line": 2, "column": 0 },
        "end": { "line": 2, "column": 34 }
      },
      "2": {
        "start": { "line": 8, "column": 0 },
        "end": { "line": 8, "column": 19 }
      },
      "3": {
        "start": { "line": 9, "column": 0 },
        "end": { "line": 9, "column": 68 }
      },
      "4": {
        "start": { "line": 10, "column": 0 },
        "end": { "line": 10, "column": 47 }
      },
      "5": {
        "start": { "line": 11, "column": 0 },
        "end": { "line": 11, "column": 8 }
      },
      "6": {
        "start": { "line": 12, "column": 0 },
        "end": { "line": 12, "column": 15 }
      },
      "7": {
        "start": { "line": 13, "column": 0 },
        "end": { "line": 13, "column": 20 }
      },
      "8": {
        "start": { "line": 14, "column": 0 },
        "end": { "line": 14, "column": 72 }
      },
      "9": {
        "start": { "line": 15, "column": 0 },
        "end": { "line": 15, "column": 17 }
      },
      "10": {
        "start": { "line": 17, "column": 0 },
        "end": { "line": 17, "column": 16 }
      },
      "11": {
        "start": { "line": 19, "column": 0 },
        "end": { "line": 19, "column": 16 }
      },
      "12": {
        "start": { "line": 22, "column": 0 },
        "end": { "line": 22, "column": 2 }
      },
      "13": {
        "start": { "line": 23, "column": 0 },
        "end": { "line": 23, "column": 30 }
      },
      "14": {
        "start": { "line": 25, "column": 0 },
        "end": { "line": 25, "column": 15 }
      },
      "15": {
        "start": { "line": 26, "column": 0 },
        "end": { "line": 26, "column": 80 }
      },
      "16": {
        "start": { "line": 27, "column": 0 },
        "end": { "line": 27, "column": 47 }
      },
      "17": {
        "start": { "line": 28, "column": 0 },
        "end": { "line": 28, "column": 8 }
      },
      "18": {
        "start": { "line": 29, "column": 0 },
        "end": { "line": 29, "column": 15 }
      },
      "19": {
        "start": { "line": 30, "column": 0 },
        "end": { "line": 30, "column": 15 }
      },
      "20": {
        "start": { "line": 31, "column": 0 },
        "end": { "line": 31, "column": 15 }
      },
      "21": {
        "start": { "line": 32, "column": 0 },
        "end": { "line": 32, "column": 62 }
      },
      "22": {
        "start": { "line": 33, "column": 0 },
        "end": { "line": 33, "column": 16 }
      },
      "23": {
        "start": { "line": 36, "column": 0 },
        "end": { "line": 36, "column": 2 }
      },
      "24": {
        "start": { "line": 37, "column": 0 },
        "end": { "line": 37, "column": 40 }
      },
      "25": {
        "start": { "line": 39, "column": 0 },
        "end": { "line": 39, "column": 18 }
      },
      "26": {
        "start": { "line": 40, "column": 0 },
        "end": { "line": 40, "column": 47 }
      },
      "27": {
        "start": { "line": 43, "column": 0 },
        "end": { "line": 43, "column": 47 }
      },
      "28": {
        "start": { "line": 44, "column": 0 },
        "end": { "line": 44, "column": 6 }
      },
      "29": {
        "start": { "line": 45, "column": 0 },
        "end": { "line": 45, "column": 13 }
      },
      "30": {
        "start": { "line": 46, "column": 0 },
        "end": { "line": 46, "column": 18 }
      },
      "31": {
        "start": { "line": 47, "column": 0 },
        "end": { "line": 47, "column": 77 }
      },
      "32": {
        "start": { "line": 48, "column": 0 },
        "end": { "line": 48, "column": 15 }
      },
      "33": {
        "start": { "line": 50, "column": 0 },
        "end": { "line": 50, "column": 14 }
      },
      "34": {
        "start": { "line": 52, "column": 0 },
        "end": { "line": 52, "column": 14 }
      },
      "35": {
        "start": { "line": 54, "column": 0 },
        "end": { "line": 54, "column": 3 }
      },
      "36": {
        "start": { "line": 55, "column": 0 },
        "end": { "line": 55, "column": 46 }
      }
    },
    "s": {
      "0": 2,
      "1": 2,
      "2": 2,
      "3": 2,
      "4": 2,
      "5": 6,
      "6": 6,
      "7": 6,
      "8": 6,
      "9": 6,
      "10": 6,
      "11": 6,
      "12": 5,
      "13": 2,
      "14": 2,
      "15": 2,
      "16": 2,
      "17": 4,
      "18": 4,
      "19": 4,
      "20": 4,
      "21": 4,
      "22": 4,
      "23": 3,
      "24": 2,
      "25": 2,
      "26": 2,
      "27": 2,
      "28": 6,
      "29": 6,
      "30": 6,
      "31": 6,
      "32": 6,
      "33": 6,
      "34": 6,
      "35": 5,
      "36": 2
    },
    "branchMap": {
      "0": {
        "type": "branch",
        "line": 10,
        "loc": {
          "start": { "line": 10, "column": 2 },
          "end": { "line": 22, "column": 2 }
        },
        "locations": [
          {
            "start": { "line": 10, "column": 2 },
            "end": { "line": 22, "column": 2 }
          }
        ]
      },
      "1": {
        "type": "branch",
        "line": 27,
        "loc": {
          "start": { "line": 27, "column": 2 },
          "end": { "line": 36, "column": 2 }
        },
        "locations": [
          {
            "start": { "line": 27, "column": 2 },
            "end": { "line": 36, "column": 2 }
          }
        ]
      },
      "2": {
        "type": "branch",
        "line": 43,
        "loc": {
          "start": { "line": 43, "column": 2 },
          "end": { "line": 54, "column": 3 }
        },
        "locations": [
          {
            "start": { "line": 43, "column": 2 },
            "end": { "line": 54, "column": 3 }
          }
        ]
      }
    },
    "b": { "0": [5], "1": [3], "2": [5] },
    "fnMap": {},
    "f": {}
  },
  "C:\\Users\\ACER\\Desktop\\donut-ui\\src\\components\\Badge.tsx": {
    "path": "C:\\Users\\ACER\\Desktop\\donut-ui\\src\\components\\Badge.tsx",
    "all": false,
    "statementMap": {
      "0": {
        "start": { "line": 1, "column": 0 },
        "end": { "line": 1, "column": 31 }
      },
      "1": {
        "start": { "line": 2, "column": 0 },
        "end": { "line": 2, "column": 66 }
      },
      "2": {
        "start": { "line": 3, "column": 0 },
        "end": { "line": 3, "column": 34 }
      },
      "3": {
        "start": { "line": 4, "column": 0 },
        "end": { "line": 4, "column": 35 }
      },
      "4": {
        "start": { "line": 6, "column": 0 },
        "end": { "line": 6, "column": 26 }
      },
      "5": {
        "start": { "line": 7, "column": 0 },
        "end": { "line": 7, "column": 403 }
      },
      "6": {
        "start": { "line": 8, "column": 0 },
        "end": { "line": 8, "column": 3 }
      },
      "7": {
        "start": { "line": 9, "column": 0 },
        "end": { "line": 9, "column": 15 }
      },
      "8": {
        "start": { "line": 10, "column": 0 },
        "end": { "line": 10, "column": 16 }
      },
      "9": {
        "start": { "line": 11, "column": 0 },
        "end": { "line": 11, "column": 16 }
      },
      "10": {
        "start": { "line": 12, "column": 0 },
        "end": { "line": 12, "column": 91 }
      },
      "11": {
        "start": { "line": 13, "column": 0 },
        "end": { "line": 13, "column": 18 }
      },
      "12": {
        "start": { "line": 14, "column": 0 },
        "end": { "line": 14, "column": 97 }
      },
      "13": {
        "start": { "line": 15, "column": 0 },
        "end": { "line": 15, "column": 20 }
      },
      "14": {
        "start": { "line": 16, "column": 0 },
        "end": { "line": 16, "column": 182 }
      },
      "15": {
        "start": { "line": 17, "column": 0 },
        "end": { "line": 17, "column": 16 }
      },
      "16": {
        "start": { "line": 18, "column": 0 },
        "end": { "line": 18, "column": 83 }
      },
      "17": {
        "start": { "line": 19, "column": 0 },
        "end": { "line": 19, "column": 8 }
      },
      "18": {
        "start": { "line": 20, "column": 0 },
        "end": { "line": 20, "column": 6 }
      },
      "19": {
        "start": { "line": 21, "column": 0 },
        "end": { "line": 21, "column": 22 }
      },
      "20": {
        "start": { "line": 22, "column": 0 },
        "end": { "line": 22, "column": 25 }
      },
      "21": {
        "start": { "line": 23, "column": 0 },
        "end": { "line": 23, "column": 6 }
      },
      "22": {
        "start": { "line": 24, "column": 0 },
        "end": { "line": 24, "column": 3 }
      },
      "23": {
        "start": { "line": 30, "column": 0 },
        "end": { "line": 30, "column": 23 }
      },
      "24": {
        "start": { "line": 31, "column": 0 },
        "end": { "line": 31, "column": 12 }
      },
      "25": {
        "start": { "line": 32, "column": 0 },
        "end": { "line": 32, "column": 10 }
      },
      "26": {
        "start": { "line": 33, "column": 0 },
        "end": { "line": 33, "column": 18 }
      },
      "27": {
        "start": { "line": 34, "column": 0 },
        "end": { "line": 34, "column": 11 }
      },
      "28": {
        "start": { "line": 35, "column": 0 },
        "end": { "line": 35, "column": 10 }
      },
      "29": {
        "start": { "line": 36, "column": 0 },
        "end": { "line": 36, "column": 16 }
      },
      "30": {
        "start": { "line": 37, "column": 0 },
        "end": { "line": 37, "column": 39 }
      },
      "31": {
        "start": { "line": 39, "column": 0 },
        "end": { "line": 39, "column": 10 }
      },
      "32": {
        "start": { "line": 40, "column": 0 },
        "end": { "line": 40, "column": 9 }
      },
      "33": {
        "start": { "line": 41, "column": 0 },
        "end": { "line": 41, "column": 23 }
      },
      "34": {
        "start": { "line": 42, "column": 0 },
        "end": { "line": 42, "column": 59 }
      },
      "35": {
        "start": { "line": 43, "column": 0 },
        "end": { "line": 43, "column": 16 }
      },
      "36": {
        "start": { "line": 45, "column": 0 },
        "end": { "line": 45, "column": 16 }
      },
      "37": {
        "start": { "line": 48, "column": 0 },
        "end": { "line": 48, "column": 1 }
      }
    },
    "s": {
      "0": 2,
      "1": 2,
      "2": 2,
      "3": 2,
      "4": 2,
      "5": 2,
      "6": 2,
      "7": 2,
      "8": 2,
      "9": 2,
      "10": 2,
      "11": 2,
      "12": 2,
      "13": 2,
      "14": 2,
      "15": 2,
      "16": 2,
      "17": 2,
      "18": 2,
      "19": 2,
      "20": 2,
      "21": 2,
      "22": 2,
      "23": 2,
      "24": 16,
      "25": 16,
      "26": 16,
      "27": 16,
      "28": 16,
      "29": 16,
      "30": 16,
      "31": 16,
      "32": 16,
      "33": 16,
      "34": 16,
      "35": 16,
      "36": 16,
      "37": 16
    },
    "branchMap": {
      "0": {
        "type": "branch",
        "line": 30,
        "loc": {
          "start": { "line": 30, "column": 7 },
          "end": { "line": 48, "column": 1 }
        },
        "locations": [
          {
            "start": { "line": 30, "column": 7 },
            "end": { "line": 48, "column": 1 }
          }
        ]
      },
      "1": {
        "type": "branch",
        "line": 37,
        "loc": {
          "start": { "line": 37, "column": 15 },
          "end": { "line": 37, "column": 32 }
        },
        "locations": [
          {
            "start": { "line": 37, "column": 15 },
            "end": { "line": 37, "column": 32 }
          }
        ]
      },
      "2": {
        "type": "branch",
        "line": 37,
        "loc": {
          "start": { "line": 37, "column": 25 },
          "end": { "line": 37, "column": 39 }
        },
        "locations": [
          {
            "start": { "line": 37, "column": 25 },
            "end": { "line": 37, "column": 39 }
          }
        ]
      }
    },
    "b": { "0": [16], "1": [3], "2": [13] },
    "fnMap": {
      "0": {
        "name": "Badge",
        "decl": {
          "start": { "line": 30, "column": 7 },
          "end": { "line": 48, "column": 1 }
        },
        "loc": {
          "start": { "line": 30, "column": 7 },
          "end": { "line": 48, "column": 1 }
        },
        "line": 30
      }
    },
    "f": { "0": 16 }
  },
  "C:\\Users\\ACER\\Desktop\\donut-ui\\src\\components\\Button.tsx": {
    "path": "C:\\Users\\ACER\\Desktop\\donut-ui\\src\\components\\Button.tsx",
    "all": false,
    "statementMap": {
      "0": {
        "start": { "line": 1, "column": 0 },
        "end": { "line": 1, "column": 31 }
      },
      "1": {
        "start": { "line": 2, "column": 0 },
        "end": { "line": 2, "column": 66 }
      },
      "2": {
        "start": { "line": 3, "column": 0 },
        "end": { "line": 3, "column": 34 }
      },
      "3": {
        "start": { "line": 4, "column": 0 },
        "end": { "line": 4, "column": 35 }
      },
      "4": {
        "start": { "line": 6, "column": 0 },
        "end": { "line": 6, "column": 27 }
      },
      "5": {
        "start": { "line": 7, "column": 0 },
        "end": { "line": 7, "column": 448 }
      },
      "6": {
        "start": { "line": 8, "column": 0 },
        "end": { "line": 8, "column": 3 }
      },
      "7": {
        "start": { "line": 9, "column": 0 },
        "end": { "line": 9, "column": 15 }
      },
      "8": {
        "start": { "line": 10, "column": 0 },
        "end": { "line": 10, "column": 16 }
      },
      "9": {
        "start": { "line": 11, "column": 0 },
        "end": { "line": 11, "column": 16 }
      },
      "10": {
        "start": { "line": 12, "column": 0 },
        "end": { "line": 12, "column": 77 }
      },
      "11": {
        "start": { "line": 13, "column": 0 },
        "end": { "line": 13, "column": 20 }
      },
      "12": {
        "start": { "line": 14, "column": 0 },
        "end": { "line": 14, "column": 168 }
      },
      "13": {
        "start": { "line": 15, "column": 0 },
        "end": { "line": 15, "column": 16 }
      },
      "14": {
        "start": { "line": 16, "column": 0 },
        "end": { "line": 16, "column": 146 }
      },
      "15": {
        "start": { "line": 17, "column": 0 },
        "end": { "line": 17, "column": 18 }
      },
      "16": {
        "start": { "line": 18, "column": 0 },
        "end": { "line": 18, "column": 83 }
      },
      "17": {
        "start": { "line": 19, "column": 0 },
        "end": { "line": 19, "column": 14 }
      },
      "18": {
        "start": { "line": 20, "column": 0 },
        "end": { "line": 20, "column": 81 }
      },
      "19": {
        "start": { "line": 21, "column": 0 },
        "end": { "line": 21, "column": 64 }
      },
      "20": {
        "start": { "line": 22, "column": 0 },
        "end": { "line": 22, "column": 8 }
      },
      "21": {
        "start": { "line": 23, "column": 0 },
        "end": { "line": 23, "column": 13 }
      },
      "22": {
        "start": { "line": 24, "column": 0 },
        "end": { "line": 24, "column": 49 }
      },
      "23": {
        "start": { "line": 25, "column": 0 },
        "end": { "line": 25, "column": 60 }
      },
      "24": {
        "start": { "line": 26, "column": 0 },
        "end": { "line": 26, "column": 51 }
      },
      "25": {
        "start": { "line": 27, "column": 0 },
        "end": { "line": 27, "column": 23 }
      },
      "26": {
        "start": { "line": 28, "column": 0 },
        "end": { "line": 28, "column": 8 }
      },
      "27": {
        "start": { "line": 29, "column": 0 },
        "end": { "line": 29, "column": 6 }
      },
      "28": {
        "start": { "line": 30, "column": 0 },
        "end": { "line": 30, "column": 22 }
      },
      "29": {
        "start": { "line": 31, "column": 0 },
        "end": { "line": 31, "column": 25 }
      },
      "30": {
        "start": { "line": 32, "column": 0 },
        "end": { "line": 32, "column": 22 }
      },
      "31": {
        "start": { "line": 33, "column": 0 },
        "end": { "line": 33, "column": 6 }
      },
      "32": {
        "start": { "line": 34, "column": 0 },
        "end": { "line": 34, "column": 3 }
      },
      "33": {
        "start": { "line": 40, "column": 0 },
        "end": { "line": 40, "column": 24 }
      },
      "34": {
        "start": { "line": 41, "column": 0 },
        "end": { "line": 41, "column": 12 }
      },
      "35": {
        "start": { "line": 42, "column": 0 },
        "end": { "line": 42, "column": 10 }
      },
      "36": {
        "start": { "line": 43, "column": 0 },
        "end": { "line": 43, "column": 7 }
      },
      "37": {
        "start": { "line": 44, "column": 0 },
        "end": { "line": 44, "column": 18 }
      },
      "38": {
        "start": { "line": 45, "column": 0 },
        "end": { "line": 45, "column": 11 }
      },
      "39": {
        "start": { "line": 46, "column": 0 },
        "end": { "line": 46, "column": 10 }
      },
      "40": {
        "start": { "line": 47, "column": 0 },
        "end": { "line": 47, "column": 17 }
      },
      "41": {
        "start": { "line": 48, "column": 0 },
        "end": { "line": 48, "column": 31 }
      },
      "42": {
        "start": { "line": 49, "column": 0 },
        "end": { "line": 49, "column": 38 }
      },
      "43": {
        "start": { "line": 50, "column": 0 },
        "end": { "line": 50, "column": 14 }
      },
      "44": {
        "start": { "line": 51, "column": 0 },
        "end": { "line": 51, "column": 30 }
      },
      "45": {
        "start": { "line": 54, "column": 0 },
        "end": { "line": 54, "column": 16 }
      },
      "46": {
        "start": { "line": 55, "column": 0 },
        "end": { "line": 55, "column": 39 }
      },
      "47": {
        "start": { "line": 56, "column": 0 },
        "end": { "line": 56, "column": 8 }
      },
      "48": {
        "start": { "line": 57, "column": 0 },
        "end": { "line": 57, "column": 25 }
      },
      "49": {
        "start": { "line": 58, "column": 0 },
        "end": { "line": 58, "column": 37 }
      },
      "50": {
        "start": { "line": 59, "column": 0 },
        "end": { "line": 59, "column": 37 }
      },
      "51": {
        "start": { "line": 60, "column": 0 },
        "end": { "line": 60, "column": 35 }
      },
      "52": {
        "start": { "line": 61, "column": 0 },
        "end": { "line": 61, "column": 7 }
      },
      "53": {
        "start": { "line": 62, "column": 0 },
        "end": { "line": 62, "column": 22 }
      },
      "54": {
        "start": { "line": 63, "column": 0 },
        "end": { "line": 63, "column": 80 }
      },
      "55": {
        "start": { "line": 65, "column": 0 },
        "end": { "line": 65, "column": 5 }
      },
      "56": {
        "start": { "line": 66, "column": 0 },
        "end": { "line": 66, "column": 48 }
      },
      "57": {
        "start": { "line": 68, "column": 0 },
        "end": { "line": 68, "column": 12 }
      },
      "58": {
        "start": { "line": 69, "column": 0 },
        "end": { "line": 69, "column": 53 }
      },
      "59": {
        "start": { "line": 70, "column": 0 },
        "end": { "line": 70, "column": 15 }
      },
      "60": {
        "start": { "line": 73, "column": 0 },
        "end": { "line": 73, "column": 3 }
      },
      "61": {
        "start": { "line": 75, "column": 0 },
        "end": { "line": 75, "column": 10 }
      },
      "62": {
        "start": { "line": 76, "column": 0 },
        "end": { "line": 76, "column": 53 }
      },
      "63": {
        "start": { "line": 77, "column": 0 },
        "end": { "line": 77, "column": 16 }
      },
      "64": {
        "start": { "line": 80, "column": 0 },
        "end": { "line": 80, "column": 1 }
      }
    },
    "s": {
      "0": 2,
      "1": 2,
      "2": 2,
      "3": 2,
      "4": 2,
      "5": 2,
      "6": 2,
      "7": 2,
      "8": 2,
      "9": 2,
      "10": 2,
      "11": 2,
      "12": 2,
      "13": 2,
      "14": 2,
      "15": 2,
      "16": 2,
      "17": 2,
      "18": 2,
      "19": 2,
      "20": 2,
      "21": 2,
      "22": 2,
      "23": 2,
      "24": 2,
      "25": 2,
      "26": 2,
      "27": 2,
      "28": 2,
      "29": 2,
      "30": 2,
      "31": 2,
      "32": 2,
      "33": 2,
      "34": 41,
      "35": 41,
      "36": 41,
      "37": 41,
      "38": 41,
      "39": 41,
      "40": 41,
      "41": 41,
      "42": 41,
      "43": 41,
      "44": 41,
      "45": 41,
      "46": 14,
      "47": 14,
      "48": 14,
      "49": 10,
      "50": 8,
      "51": 6,
      "52": 14,
      "53": 10,
      "54": 10,
      "55": 10,
      "56": 4,
      "57": 4,
      "58": 4,
      "59": 4,
      "60": 4,
      "61": 26,
      "62": 26,
      "63": 26,
      "64": 26
    },
    "branchMap": {
      "0": {
        "type": "branch",
        "line": 40,
        "loc": {
          "start": { "line": 40, "column": 7 },
          "end": { "line": 80, "column": 1 }
        },
        "locations": [
          {
            "start": { "line": 40, "column": 7 },
            "end": { "line": 80, "column": 1 }
          }
        ]
      },
      "1": {
        "type": "branch",
        "line": 51,
        "loc": {
          "start": { "line": 51, "column": 5 },
          "end": { "line": 51, "column": 30 }
        },
        "locations": [
          {
            "start": { "line": 51, "column": 5 },
            "end": { "line": 51, "column": 30 }
          }
        ]
      },
      "2": {
        "type": "branch",
        "line": 54,
        "loc": {
          "start": { "line": 54, "column": 15 },
          "end": { "line": 73, "column": 3 }
        },
        "locations": [
          {
            "start": { "line": 54, "column": 15 },
            "end": { "line": 73, "column": 3 }
          }
        ]
      },
      "3": {
        "type": "branch",
        "line": 61,
        "loc": {
          "start": { "line": 61, "column": 6 },
          "end": { "line": 65, "column": 5 }
        },
        "locations": [
          {
            "start": { "line": 61, "column": 6 },
            "end": { "line": 65, "column": 5 }
          }
        ]
      },
      "4": {
        "type": "branch",
        "line": 73,
        "loc": {
          "start": { "line": 73, "column": 2 },
          "end": { "line": 80, "column": 1 }
        },
        "locations": [
          {
            "start": { "line": 73, "column": 2 },
            "end": { "line": 80, "column": 1 }
          }
        ]
      },
      "5": {
        "type": "branch",
        "line": 57,
        "loc": {
          "start": { "line": 57, "column": 18 },
          "end": { "line": 58, "column": 37 }
        },
        "locations": [
          {
            "start": { "line": 57, "column": 18 },
            "end": { "line": 58, "column": 37 }
          }
        ]
      },
      "6": {
        "type": "branch",
        "line": 58,
        "loc": {
          "start": { "line": 58, "column": 26 },
          "end": { "line": 59, "column": 37 }
        },
        "locations": [
          {
            "start": { "line": 58, "column": 26 },
            "end": { "line": 59, "column": 37 }
          }
        ]
      },
      "7": {
        "type": "branch",
        "line": 59,
        "loc": {
          "start": { "line": 59, "column": 26 },
          "end": { "line": 60, "column": 35 }
        },
        "locations": [
          {
            "start": { "line": 59, "column": 26 },
            "end": { "line": 60, "column": 35 }
          }
        ]
      },
      "8": {
        "type": "branch",
        "line": 65,
        "loc": {
          "start": { "line": 65, "column": 4 },
          "end": { "line": 73, "column": 3 }
        },
        "locations": [
          {
            "start": { "line": 65, "column": 4 },
            "end": { "line": 73, "column": 3 }
          }
        ]
      }
    },
    "b": {
      "0": [41],
      "1": [26],
      "2": [14],
      "3": [10],
      "4": [26],
      "5": [10],
      "6": [8],
      "7": [6],
      "8": [4]
    },
    "fnMap": {
      "0": {
        "name": "Button",
        "decl": {
          "start": { "line": 40, "column": 7 },
          "end": { "line": 80, "column": 1 }
        },
        "loc": {
          "start": { "line": 40, "column": 7 },
          "end": { "line": 80, "column": 1 }
        },
        "line": 40
      }
    },
    "f": { "0": 41 }
  },
  "C:\\Users\\ACER\\Desktop\\donut-ui\\src\\components\\Input.tsx": {
    "path": "C:\\Users\\ACER\\Desktop\\donut-ui\\src\\components\\Input.tsx",
    "all": false,
    "statementMap": {
      "0": {
        "start": { "line": 1, "column": 0 },
        "end": { "line": 1, "column": 31 }
      },
      "1": {
        "start": { "line": 2, "column": 0 },
        "end": { "line": 2, "column": 34 }
      },
      "2": {
        "start": { "line": 4, "column": 0 },
        "end": { "line": 4, "column": 16 }
      },
      "3": {
        "start": { "line": 5, "column": 0 },
        "end": { "line": 5, "column": 12 }
      },
      "4": {
        "start": { "line": 6, "column": 0 },
        "end": { "line": 6, "column": 16 }
      },
      "5": {
        "start": { "line": 7, "column": 0 },
        "end": { "line": 7, "column": 10 }
      },
      "6": {
        "start": { "line": 8, "column": 0 },
        "end": { "line": 8, "column": 35 }
      },
      "7": {
        "start": { "line": 9, "column": 0 },
        "end": { "line": 9, "column": 10 }
      },
      "8": {
        "start": { "line": 10, "column": 0 },
        "end": { "line": 10, "column": 10 }
      },
      "9": {
        "start": { "line": 11, "column": 0 },
        "end": { "line": 11, "column": 17 }
      },
      "10": {
        "start": { "line": 12, "column": 0 },
        "end": { "line": 12, "column": 23 }
      },
      "11": {
        "start": { "line": 13, "column": 0 },
        "end": { "line": 13, "column": 20 }
      },
      "12": {
        "start": { "line": 14, "column": 0 },
        "end": { "line": 14, "column": 458 }
      },
      "13": {
        "start": { "line": 15, "column": 0 },
        "end": { "line": 15, "column": 88 }
      },
      "14": {
        "start": { "line": 16, "column": 0 },
        "end": { "line": 16, "column": 113 }
      },
      "15": {
        "start": { "line": 17, "column": 0 },
        "end": { "line": 17, "column": 17 }
      },
      "16": {
        "start": { "line": 19, "column": 0 },
        "end": { "line": 19, "column": 16 }
      },
      "17": {
        "start": { "line": 22, "column": 0 },
        "end": { "line": 22, "column": 1 }
      },
      "18": {
        "start": { "line": 24, "column": 0 },
        "end": { "line": 24, "column": 17 }
      }
    },
    "s": {
      "0": 2,
      "1": 2,
      "2": 9,
      "3": 9,
      "4": 9,
      "5": 9,
      "6": 9,
      "7": 9,
      "8": 9,
      "9": 9,
      "10": 9,
      "11": 9,
      "12": 9,
      "13": 9,
      "14": 9,
      "15": 9,
      "16": 9,
      "17": 9,
      "18": 1
    },
    "branchMap": {
      "0": {
        "type": "branch",
        "line": 4,
        "loc": {
          "start": { "line": 4, "column": 0 },
          "end": { "line": 22, "column": 1 }
        },
        "locations": [
          {
            "start": { "line": 4, "column": 0 },
            "end": { "line": 22, "column": 1 }
          }
        ]
      }
    },
    "b": { "0": [9] },
    "fnMap": {
      "0": {
        "name": "Input",
        "decl": {
          "start": { "line": 4, "column": 0 },
          "end": { "line": 22, "column": 1 }
        },
        "loc": {
          "start": { "line": 4, "column": 0 },
          "end": { "line": 22, "column": 1 }
        },
        "line": 4
      }
    },
    "f": { "0": 9 }
  },
  "C:\\Users\\ACER\\Desktop\\donut-ui\\src\\components\\Label.tsx": {
    "path": "C:\\Users\\ACER\\Desktop\\donut-ui\\src\\components\\Label.tsx",
    "all": false,
    "statementMap": {
      "0": {
        "start": { "line": 1, "column": 0 },
        "end": { "line": 1, "column": 31 }
      },
      "1": {
        "start": { "line": 2, "column": 0 },
        "end": { "line": 2, "column": 34 }
      },
      "2": {
        "start": { "line": 4, "column": 0 },
        "end": { "line": 4, "column": 16 }
      },
      "3": {
        "start": { "line": 5, "column": 0 },
        "end": { "line": 5, "column": 12 }
      },
      "4": {
        "start": { "line": 6, "column": 0 },
        "end": { "line": 6, "column": 10 }
      },
      "5": {
        "start": { "line": 7, "column": 0 },
        "end": { "line": 7, "column": 10 }
      },
      "6": {
        "start": { "line": 8, "column": 0 },
        "end": { "line": 8, "column": 49 }
      },
      "7": {
        "start": { "line": 9, "column": 0 },
        "end": { "line": 9, "column": 10 }
      },
      "8": {
        "start": { "line": 10, "column": 0 },
        "end": { "line": 10, "column": 10 }
      },
      "9": {
        "start": { "line": 11, "column": 0 },
        "end": { "line": 11, "column": 23 }
      },
      "10": {
        "start": { "line": 12, "column": 0 },
        "end": { "line": 12, "column": 23 }
      },
      "11": {
        "start": { "line": 13, "column": 0 },
        "end": { "line": 13, "column": 20 }
      },
      "12": {
        "start": { "line": 14, "column": 0 },
        "end": { "line": 14, "column": 137 }
      },
      "13": {
        "start": { "line": 15, "column": 0 },
        "end": { "line": 15, "column": 17 }
      },
      "14": {
        "start": { "line": 17, "column": 0 },
        "end": { "line": 17, "column": 16 }
      },
      "15": {
        "start": { "line": 20, "column": 0 },
        "end": { "line": 20, "column": 1 }
      },
      "16": {
        "start": { "line": 22, "column": 0 },
        "end": { "line": 22, "column": 17 }
      }
    },
    "s": {
      "0": 2,
      "1": 2,
      "2": 5,
      "3": 5,
      "4": 5,
      "5": 5,
      "6": 5,
      "7": 5,
      "8": 5,
      "9": 5,
      "10": 5,
      "11": 5,
      "12": 5,
      "13": 5,
      "14": 5,
      "15": 5,
      "16": 1
    },
    "branchMap": {
      "0": {
        "type": "branch",
        "line": 4,
        "loc": {
          "start": { "line": 4, "column": 0 },
          "end": { "line": 20, "column": 1 }
        },
        "locations": [
          {
            "start": { "line": 4, "column": 0 },
            "end": { "line": 20, "column": 1 }
          }
        ]
      }
    },
    "b": { "0": [5] },
    "fnMap": {
      "0": {
        "name": "Label",
        "decl": {
          "start": { "line": 4, "column": 0 },
          "end": { "line": 20, "column": 1 }
        },
        "loc": {
          "start": { "line": 4, "column": 0 },
          "end": { "line": 20, "column": 1 }
        },
        "line": 4
      }
    },
    "f": { "0": 5 }
  },
  "C:\\Users\\ACER\\Desktop\\donut-ui\\src\\components\\RadioGroup.tsx": {
    "path": "C:\\Users\\ACER\\Desktop\\donut-ui\\src\\components\\RadioGroup.tsx",
    "all": false,
    "statementMap": {
      "0": {
        "start": { "line": 1, "column": 0 },
        "end": { "line": 1, "column": 78 }
      },
      "1": {
        "start": { "line": 2, "column": 0 },
        "end": { "line": 2, "column": 42 }
      },
      "2": {
        "start": { "line": 3, "column": 0 },
        "end": { "line": 3, "column": 34 }
      },
      "3": {
        "start": { "line": 11, "column": 0 },
        "end": { "line": 11, "column": 77 }
      },
      "4": {
        "start": { "line": 23, "column": 0 },
        "end": { "line": 23, "column": 28 }
      },
      "5": {
        "start": { "line": 24, "column": 0 },
        "end": { "line": 24, "column": 8 }
      },
      "6": {
        "start": { "line": 25, "column": 0 },
        "end": { "line": 25, "column": 15 }
      },
      "7": {
        "start": { "line": 26, "column": 0 },
        "end": { "line": 26, "column": 16 }
      },
      "8": {
        "start": { "line": 27, "column": 0 },
        "end": { "line": 27, "column": 7 }
      },
      "9": {
        "start": { "line": 28, "column": 0 },
        "end": { "line": 28, "column": 12 }
      },
      "10": {
        "start": { "line": 29, "column": 0 },
        "end": { "line": 29, "column": 11 }
      },
      "11": {
        "start": { "line": 30, "column": 0 },
        "end": { "line": 30, "column": 27 }
      },
      "12": {
        "start": { "line": 31, "column": 0 },
        "end": { "line": 31, "column": 10 }
      },
      "13": {
        "start": { "line": 32, "column": 0 },
        "end": { "line": 32, "column": 21 }
      },
      "14": {
        "start": { "line": 33, "column": 0 },
        "end": { "line": 33, "column": 32 }
      },
      "15": {
        "start": { "line": 34, "column": 0 },
        "end": { "line": 34, "column": 59 }
      },
      "16": {
        "start": { "line": 36, "column": 0 },
        "end": { "line": 36, "column": 68 }
      },
      "17": {
        "start": { "line": 37, "column": 0 },
        "end": { "line": 37, "column": 24 }
      },
      "18": {
        "start": { "line": 40, "column": 0 },
        "end": { "line": 40, "column": 68 }
      },
      "19": {
        "start": { "line": 42, "column": 0 },
        "end": { "line": 42, "column": 41 }
      },
      "20": {
        "start": { "line": 43, "column": 0 },
        "end": { "line": 43, "column": 26 }
      },
      "21": {
        "start": { "line": 44, "column": 0 },
        "end": { "line": 44, "column": 25 }
      },
      "22": {
        "start": { "line": 45, "column": 0 },
        "end": { "line": 45, "column": 4 }
      },
      "23": {
        "start": { "line": 47, "column": 0 },
        "end": { "line": 47, "column": 10 }
      },
      "24": {
        "start": { "line": 48, "column": 0 },
        "end": { "line": 48, "column": 31 }
      },
      "25": {
        "start": { "line": 49, "column": 0 },
        "end": { "line": 49, "column": 79 }
      },
      "26": {
        "start": { "line": 51, "column": 0 },
        "end": { "line": 51, "column": 10 }
      },
      "27": {
        "start": { "line": 52, "column": 0 },
        "end": { "line": 52, "column": 25 }
      },
      "28": {
        "start": { "line": 53, "column": 0 },
        "end": { "line": 53, "column": 38 }
      },
      "29": {
        "start": { "line": 54, "column": 0 },
        "end": { "line": 54, "column": 22 }
      },
      "30": {
        "start": { "line": 55, "column": 0 },
        "end": { "line": 55, "column": 67 }
      },
      "31": {
        "start": { "line": 56, "column": 0 },
        "end": { "line": 56, "column": 19 }
      },
      "32": {
        "start": { "line": 58, "column": 0 },
        "end": { "line": 58, "column": 18 }
      },
      "33": {
        "start": { "line": 60, "column": 0 },
        "end": { "line": 60, "column": 18 }
      },
      "34": {
        "start": { "line": 64, "column": 0 },
        "end": { "line": 64, "column": 1 }
      },
      "35": {
        "start": { "line": 74, "column": 0 },
        "end": { "line": 74, "column": 32 }
      },
      "36": {
        "start": { "line": 75, "column": 0 },
        "end": { "line": 75, "column": 8 }
      },
      "37": {
        "start": { "line": 76, "column": 0 },
        "end": { "line": 76, "column": 5 }
      },
      "38": {
        "start": { "line": 77, "column": 0 },
        "end": { "line": 77, "column": 19 }
      },
      "39": {
        "start": { "line": 78, "column": 0 },
        "end": { "line": 78, "column": 12 }
      },
      "40": {
        "start": { "line": 79, "column": 0 },
        "end": { "line": 79, "column": 11 }
      },
      "41": {
        "start": { "line": 80, "column": 0 },
        "end": { "line": 80, "column": 10 }
      },
      "42": {
        "start": { "line": 81, "column": 0 },
        "end": { "line": 81, "column": 25 }
      },
      "43": {
        "start": { "line": 82, "column": 0 },
        "end": { "line": 82, "column": 48 }
      },
      "44": {
        "start": { "line": 83, "column": 0 },
        "end": { "line": 83, "column": 17 }
      },
      "45": {
        "start": { "line": 84, "column": 0 },
        "end": { "line": 84, "column": 71 }
      },
      "46": {
        "start": { "line": 85, "column": 0 },
        "end": { "line": 85, "column": 3 }
      },
      "47": {
        "start": { "line": 87, "column": 0 },
        "end": { "line": 87, "column": 56 }
      },
      "48": {
        "start": { "line": 88, "column": 0 },
        "end": { "line": 88, "column": 39 }
      },
      "49": {
        "start": { "line": 90, "column": 0 },
        "end": { "line": 90, "column": 10 }
      },
      "50": {
        "start": { "line": 91, "column": 0 },
        "end": { "line": 91, "column": 10 }
      },
      "51": {
        "start": { "line": 92, "column": 0 },
        "end": { "line": 92, "column": 18 }
      },
      "52": {
        "start": { "line": 93, "column": 0 },
        "end": { "line": 93, "column": 34 }
      },
      "53": {
        "start": { "line": 94, "column": 0 },
        "end": { "line": 94, "column": 69 }
      },
      "54": {
        "start": { "line": 96, "column": 0 },
        "end": { "line": 96, "column": 12 }
      },
      "55": {
        "start": { "line": 97, "column": 0 },
        "end": { "line": 97, "column": 20 }
      },
      "56": {
        "start": { "line": 98, "column": 0 },
        "end": { "line": 98, "column": 15 }
      },
      "57": {
        "start": { "line": 99, "column": 0 },
        "end": { "line": 99, "column": 19 }
      },
      "58": {
        "start": { "line": 100, "column": 0 },
        "end": { "line": 100, "column": 21 }
      },
      "59": {
        "start": { "line": 101, "column": 0 },
        "end": { "line": 101, "column": 25 }
      },
      "60": {
        "start": { "line": 102, "column": 0 },
        "end": { "line": 102, "column": 27 }
      },
      "61": {
        "start": { "line": 103, "column": 0 },
        "end": { "line": 103, "column": 27 }
      },
      "62": {
        "start": { "line": 104, "column": 0 },
        "end": { "line": 104, "column": 40 }
      },
      "63": {
        "start": { "line": 105, "column": 0 },
        "end": { "line": 105, "column": 18 }
      },
      "64": {
        "start": { "line": 107, "column": 0 },
        "end": { "line": 107, "column": 11 }
      },
      "65": {
        "start": { "line": 108, "column": 0 },
        "end": { "line": 108, "column": 22 }
      },
      "66": {
        "start": { "line": 109, "column": 0 },
        "end": { "line": 109, "column": 383 }
      },
      "67": {
        "start": { "line": 110, "column": 0 },
        "end": { "line": 110, "column": 36 }
      },
      "68": {
        "start": { "line": 113, "column": 0 },
        "end": { "line": 113, "column": 21 }
      },
      "69": {
        "start": { "line": 114, "column": 0 },
        "end": { "line": 114, "column": 136 }
      },
      "70": {
        "start": { "line": 117, "column": 0 },
        "end": { "line": 117, "column": 63 }
      },
      "71": {
        "start": { "line": 120, "column": 0 },
        "end": { "line": 120, "column": 1 }
      }
    },
    "s": {
      "0": 2,
      "1": 2,
      "2": 2,
      "3": 2,
      "4": 2,
      "5": 8,
      "6": 8,
      "7": 8,
      "8": 8,
      "9": 8,
      "10": 8,
      "11": 8,
      "12": 8,
      "13": 8,
      "14": 8,
      "15": 8,
      "16": 8,
      "17": 8,
      "18": 8,
      "19": 8,
      "20": 2,
      "21": 2,
      "22": 2,
      "23": 8,
      "24": 8,
      "25": 8,
      "26": 8,
      "27": 8,
      "28": 8,
      "29": 8,
      "30": 8,
      "31": 8,
      "32": 8,
      "33": 8,
      "34": 8,
      "35": 2,
      "36": 22,
      "37": 22,
      "38": 22,
      "39": 22,
      "40": 22,
      "41": 22,
      "42": 22,
      "43": 22,
      "44": 22,
      "45": 2,
      "46": 2,
      "47": 19,
      "48": 19,
      "49": 19,
      "50": 19,
      "51": 19,
      "52": 19,
      "53": 19,
      "54": 19,
      "55": 19,
      "56": 19,
      "57": 19,
      "58": 19,
      "59": 19,
      "60": 19,
      "61": 19,
      "62": 19,
      "63": 19,
      "64": 19,
      "65": 19,
      "66": 19,
      "67": 22,
      "68": 22,
      "69": 22,
      "70": 22,
      "71": 22
    },
    "branchMap": {
      "0": {
        "type": "branch",
        "line": 23,
        "loc": {
          "start": { "line": 23, "column": 7 },
          "end": { "line": 64, "column": 1 }
        },
        "locations": [
          {
            "start": { "line": 23, "column": 7 },
            "end": { "line": 64, "column": 1 }
          }
        ]
      },
      "1": {
        "type": "branch",
        "line": 37,
        "loc": {
          "start": { "line": 37, "column": 4 },
          "end": { "line": 37, "column": 24 }
        },
        "locations": [
          {
            "start": { "line": 37, "column": 4 },
            "end": { "line": 37, "column": 24 }
          }
        ]
      },
      "2": {
        "type": "branch",
        "line": 40,
        "loc": {
          "start": { "line": 40, "column": 34 },
          "end": { "line": 40, "column": 54 }
        },
        "locations": [
          {
            "start": { "line": 40, "column": 34 },
            "end": { "line": 40, "column": 54 }
          }
        ]
      },
      "3": {
        "type": "branch",
        "line": 40,
        "loc": {
          "start": { "line": 40, "column": 46 },
          "end": { "line": 40, "column": 68 }
        },
        "locations": [
          {
            "start": { "line": 40, "column": 46 },
            "end": { "line": 40, "column": 68 }
          }
        ]
      },
      "4": {
        "type": "branch",
        "line": 55,
        "loc": {
          "start": { "line": 55, "column": 26 },
          "end": { "line": 55, "column": 54 }
        },
        "locations": [
          {
            "start": { "line": 55, "column": 26 },
            "end": { "line": 55, "column": 54 }
          }
        ]
      },
      "5": {
        "type": "branch",
        "line": 55,
        "loc": {
          "start": { "line": 55, "column": 39 },
          "end": { "line": 55, "column": 67 }
        },
        "locations": [
          {
            "start": { "line": 55, "column": 39 },
            "end": { "line": 55, "column": 67 }
          }
        ]
      },
      "6": {
        "type": "branch",
        "line": 42,
        "loc": {
          "start": { "line": 42, "column": 23 },
          "end": { "line": 45, "column": 4 }
        },
        "locations": [
          {
            "start": { "line": 42, "column": 23 },
            "end": { "line": 45, "column": 4 }
          }
        ]
      },
      "7": {
        "type": "branch",
        "line": 74,
        "loc": {
          "start": { "line": 74, "column": 7 },
          "end": { "line": 120, "column": 1 }
        },
        "locations": [
          {
            "start": { "line": 74, "column": 7 },
            "end": { "line": 120, "column": 1 }
          }
        ]
      },
      "8": {
        "type": "branch",
        "line": 83,
        "loc": {
          "start": { "line": 83, "column": 16 },
          "end": { "line": 85, "column": 3 }
        },
        "locations": [
          {
            "start": { "line": 83, "column": 16 },
            "end": { "line": 85, "column": 3 }
          }
        ]
      },
      "9": {
        "type": "branch",
        "line": 85,
        "loc": {
          "start": { "line": 85, "column": 2 },
          "end": { "line": 110, "column": 21 }
        },
        "locations": [
          {
            "start": { "line": 85, "column": 2 },
            "end": { "line": 110, "column": 21 }
          }
        ]
      },
      "10": {
        "type": "branch",
        "line": 110,
        "loc": {
          "start": { "line": 110, "column": 10 },
          "end": { "line": 110, "column": 36 }
        },
        "locations": [
          {
            "start": { "line": 110, "column": 10 },
            "end": { "line": 110, "column": 36 }
          }
        ]
      },
      "11": {
        "type": "branch",
        "line": 104,
        "loc": {
          "start": { "line": 104, "column": 18 },
          "end": { "line": 104, "column": 40 }
        },
        "locations": [
          {
            "start": { "line": 104, "column": 18 },
            "end": { "line": 104, "column": 40 }
          }
        ]
      }
    },
    "b": {
      "0": [8],
      "1": [4],
      "2": [3],
      "3": [5],
      "4": [7],
      "5": [1],
      "6": [2],
      "7": [22],
      "8": [2],
      "9": [19],
      "10": [7],
      "11": [2]
    },
    "fnMap": {
      "0": {
        "name": "RadioGroup",
        "decl": {
          "start": { "line": 23, "column": 7 },
          "end": { "line": 64, "column": 1 }
        },
        "loc": {
          "start": { "line": 23, "column": 7 },
          "end": { "line": 64, "column": 1 }
        },
        "line": 23
      },
      "1": {
        "name": "RadioGroupItem",
        "decl": {
          "start": { "line": 74, "column": 7 },
          "end": { "line": 120, "column": 1 }
        },
        "loc": {
          "start": { "line": 74, "column": 7 },
          "end": { "line": 120, "column": 1 }
        },
        "line": 74
      },
      "2": {
        "name": "handleChange",
        "decl": {
          "start": { "line": 42, "column": 23 },
          "end": { "line": 45, "column": 4 }
        },
        "loc": {
          "start": { "line": 42, "column": 23 },
          "end": { "line": 45, "column": 4 }
        },
        "line": 42
      },
      "3": {
        "name": "onChange",
        "decl": {
          "start": { "line": 104, "column": 18 },
          "end": { "line": 104, "column": 40 }
        },
        "loc": {
          "start": { "line": 104, "column": 18 },
          "end": { "line": 104, "column": 40 }
        },
        "line": 104
      }
    },
    "f": { "0": 8, "1": 22, "2": 2, "3": 2 }
  },
  "C:\\Users\\ACER\\Desktop\\donut-ui\\src\\components\\Switch.tsx": {
    "path": "C:\\Users\\ACER\\Desktop\\donut-ui\\src\\components\\Switch.tsx",
    "all": false,
    "statementMap": {
      "0": {
        "start": { "line": 1, "column": 0 },
        "end": { "line": 1, "column": 40 }
      },
      "1": {
        "start": { "line": 2, "column": 0 },
        "end": { "line": 2, "column": 34 }
      },
      "2": {
        "start": { "line": 11, "column": 0 },
        "end": { "line": 11, "column": 40 }
      },
      "3": {
        "start": { "line": 12, "column": 0 },
        "end": { "line": 12, "column": 12 }
      },
      "4": {
        "start": { "line": 13, "column": 0 },
        "end": { "line": 13, "column": 29 }
      },
      "5": {
        "start": { "line": 14, "column": 0 },
        "end": { "line": 14, "column": 11 }
      },
      "6": {
        "start": { "line": 15, "column": 0 },
        "end": { "line": 15, "column": 11 }
      },
      "7": {
        "start": { "line": 16, "column": 0 },
        "end": { "line": 16, "column": 10 }
      },
      "8": {
        "start": { "line": 17, "column": 0 },
        "end": { "line": 17, "column": 7 }
      },
      "9": {
        "start": { "line": 18, "column": 0 },
        "end": { "line": 18, "column": 73 }
      },
      "10": {
        "start": { "line": 20, "column": 0 },
        "end": { "line": 20, "column": 29 }
      },
      "11": {
        "start": { "line": 21, "column": 0 },
        "end": { "line": 21, "column": 25 }
      },
      "12": {
        "start": { "line": 22, "column": 0 },
        "end": { "line": 22, "column": 34 }
      },
      "13": {
        "start": { "line": 23, "column": 0 },
        "end": { "line": 23, "column": 29 }
      },
      "14": {
        "start": { "line": 24, "column": 0 },
        "end": { "line": 24, "column": 27 }
      },
      "15": {
        "start": { "line": 25, "column": 0 },
        "end": { "line": 25, "column": 4 }
      },
      "16": {
        "start": { "line": 27, "column": 0 },
        "end": { "line": 27, "column": 10 }
      },
      "17": {
        "start": { "line": 28, "column": 0 },
        "end": { "line": 28, "column": 11 }
      },
      "18": {
        "start": { "line": 29, "column": 0 },
        "end": { "line": 29, "column": 19 }
      },
      "19": {
        "start": { "line": 30, "column": 0 },
        "end": { "line": 30, "column": 19 }
      },
      "20": {
        "start": { "line": 31, "column": 0 },
        "end": { "line": 31, "column": 30 }
      },
      "21": {
        "start": { "line": 32, "column": 0 },
        "end": { "line": 32, "column": 25 }
      },
      "22": {
        "start": { "line": 33, "column": 0 },
        "end": { "line": 33, "column": 27 }
      },
      "23": {
        "start": { "line": 34, "column": 0 },
        "end": { "line": 34, "column": 20 }
      },
      "24": {
        "start": { "line": 35, "column": 0 },
        "end": { "line": 35, "column": 131 }
      },
      "25": {
        "start": { "line": 36, "column": 0 },
        "end": { "line": 36, "column": 17 }
      },
      "26": {
        "start": { "line": 37, "column": 0 },
        "end": { "line": 37, "column": 51 }
      },
      "27": {
        "start": { "line": 38, "column": 0 },
        "end": { "line": 38, "column": 40 }
      },
      "28": {
        "start": { "line": 39, "column": 0 },
        "end": { "line": 39, "column": 52 }
      },
      "29": {
        "start": { "line": 40, "column": 0 },
        "end": { "line": 40, "column": 17 }
      },
      "30": {
        "start": { "line": 42, "column": 0 },
        "end": { "line": 42, "column": 16 }
      },
      "31": {
        "start": { "line": 44, "column": 0 },
        "end": { "line": 44, "column": 11 }
      },
      "32": {
        "start": { "line": 45, "column": 0 },
        "end": { "line": 45, "column": 22 }
      },
      "33": {
        "start": { "line": 46, "column": 0 },
        "end": { "line": 46, "column": 81 }
      },
      "34": {
        "start": { "line": 47, "column": 0 },
        "end": { "line": 47, "column": 19 }
      },
      "35": {
        "start": { "line": 48, "column": 0 },
        "end": { "line": 48, "column": 71 }
      },
      "36": {
        "start": { "line": 49, "column": 0 },
        "end": { "line": 49, "column": 48 }
      },
      "37": {
        "start": { "line": 54, "column": 0 },
        "end": { "line": 54, "column": 2 }
      },
      "38": {
        "start": { "line": 56, "column": 0 },
        "end": { "line": 56, "column": 18 }
      }
    },
    "s": {
      "0": 2,
      "1": 2,
      "2": 2,
      "3": 7,
      "4": 7,
      "5": 7,
      "6": 7,
      "7": 7,
      "8": 7,
      "9": 7,
      "10": 7,
      "11": 2,
      "12": 2,
      "13": 2,
      "14": 2,
      "15": 2,
      "16": 7,
      "17": 7,
      "18": 7,
      "19": 7,
      "20": 7,
      "21": 7,
      "22": 7,
      "23": 7,
      "24": 7,
      "25": 7,
      "26": 2,
      "27": 5,
      "28": 7,
      "29": 7,
      "30": 7,
      "31": 7,
      "32": 7,
      "33": 7,
      "34": 7,
      "35": 2,
      "36": 5,
      "37": 7,
      "38": 1
    },
    "branchMap": {
      "0": {
        "type": "branch",
        "line": 11,
        "loc": {
          "start": { "line": 11, "column": 38 },
          "end": { "line": 54, "column": 2 }
        },
        "locations": [
          {
            "start": { "line": 11, "column": 38 },
            "end": { "line": 54, "column": 2 }
          }
        ]
      },
      "1": {
        "type": "branch",
        "line": 18,
        "loc": {
          "start": { "line": 18, "column": 45 },
          "end": { "line": 18, "column": 73 }
        },
        "locations": [
          {
            "start": { "line": 18, "column": 45 },
            "end": { "line": 18, "column": 73 }
          }
        ]
      },
      "2": {
        "type": "branch",
        "line": 36,
        "loc": {
          "start": { "line": 36, "column": 8 },
          "end": { "line": 37, "column": 51 }
        },
        "locations": [
          {
            "start": { "line": 36, "column": 8 },
            "end": { "line": 37, "column": 51 }
          }
        ]
      },
      "3": {
        "type": "branch",
        "line": 37,
        "loc": {
          "start": { "line": 37, "column": 12 },
          "end": { "line": 38, "column": 40 }
        },
        "locations": [
          {
            "start": { "line": 37, "column": 12 },
            "end": { "line": 38, "column": 40 }
          }
        ]
      },
      "4": {
        "type": "branch",
        "line": 39,
        "loc": {
          "start": { "line": 39, "column": 8 },
          "end": { "line": 39, "column": 52 }
        },
        "locations": [
          {
            "start": { "line": 39, "column": 8 },
            "end": { "line": 39, "column": 52 }
          }
        ]
      },
      "5": {
        "type": "branch",
        "line": 47,
        "loc": {
          "start": { "line": 47, "column": 10 },
          "end": { "line": 48, "column": 71 }
        },
        "locations": [
          {
            "start": { "line": 47, "column": 10 },
            "end": { "line": 48, "column": 71 }
          }
        ]
      },
      "6": {
        "type": "branch",
        "line": 48,
        "loc": {
          "start": { "line": 48, "column": 14 },
          "end": { "line": 49, "column": 48 }
        },
        "locations": [
          {
            "start": { "line": 48, "column": 14 },
            "end": { "line": 49, "column": 48 }
          }
        ]
      },
      "7": {
        "type": "branch",
        "line": 20,
        "loc": {
          "start": { "line": 20, "column": 22 },
          "end": { "line": 25, "column": 4 }
        },
        "locations": [
          {
            "start": { "line": 20, "column": 22 },
            "end": { "line": 25, "column": 4 }
          }
        ]
      },
      "8": {
        "type": "branch",
        "line": 21,
        "loc": {
          "start": { "line": 21, "column": 18 },
          "end": { "line": 21, "column": 25 }
        },
        "locations": [
          {
            "start": { "line": 21, "column": 18 },
            "end": { "line": 21, "column": 25 }
          }
        ]
      }
    },
    "b": {
      "0": [7],
      "1": [6],
      "2": [2],
      "3": [5],
      "4": [1],
      "5": [2],
      "6": [5],
      "7": [2],
      "8": [0]
    },
    "fnMap": {
      "0": {
        "name": "Switch",
        "decl": {
          "start": { "line": 11, "column": 38 },
          "end": { "line": 54, "column": 2 }
        },
        "loc": {
          "start": { "line": 11, "column": 38 },
          "end": { "line": 54, "column": 2 }
        },
        "line": 11
      },
      "1": {
        "name": "handleClick",
        "decl": {
          "start": { "line": 20, "column": 22 },
          "end": { "line": 25, "column": 4 }
        },
        "loc": {
          "start": { "line": 20, "column": 22 },
          "end": { "line": 25, "column": 4 }
        },
        "line": 20
      }
    },
    "f": { "0": 7, "1": 2 }
  },
  "C:\\Users\\ACER\\Desktop\\donut-ui\\src\\components\\Textarea.tsx": {
    "path": "C:\\Users\\ACER\\Desktop\\donut-ui\\src\\components\\Textarea.tsx",
    "all": false,
    "statementMap": {
      "0": {
        "start": { "line": 1, "column": 0 },
        "end": { "line": 1, "column": 31 }
      },
      "1": {
        "start": { "line": 2, "column": 0 },
        "end": { "line": 2, "column": 34 }
      },
      "2": {
        "start": { "line": 4, "column": 0 },
        "end": { "line": 4, "column": 78 }
      },
      "3": {
        "start": { "line": 5, "column": 0 },
        "end": { "line": 5, "column": 10 }
      },
      "4": {
        "start": { "line": 6, "column": 0 },
        "end": { "line": 6, "column": 13 }
      },
      "5": {
        "start": { "line": 7, "column": 0 },
        "end": { "line": 7, "column": 26 }
      },
      "6": {
        "start": { "line": 8, "column": 0 },
        "end": { "line": 8, "column": 20 }
      },
      "7": {
        "start": { "line": 9, "column": 0 },
        "end": { "line": 9, "column": 462 }
      },
      "8": {
        "start": { "line": 10, "column": 0 },
        "end": { "line": 10, "column": 17 }
      },
      "9": {
        "start": { "line": 12, "column": 0 },
        "end": { "line": 12, "column": 16 }
      },
      "10": {
        "start": { "line": 15, "column": 0 },
        "end": { "line": 15, "column": 1 }
      },
      "11": {
        "start": { "line": 17, "column": 0 },
        "end": { "line": 17, "column": 20 }
      }
    },
    "s": {
      "0": 2,
      "1": 2,
      "2": 5,
      "3": 5,
      "4": 5,
      "5": 5,
      "6": 5,
      "7": 5,
      "8": 5,
      "9": 5,
      "10": 5,
      "11": 1
    },
    "branchMap": {
      "0": {
        "type": "branch",
        "line": 4,
        "loc": {
          "start": { "line": 4, "column": 0 },
          "end": { "line": 15, "column": 1 }
        },
        "locations": [
          {
            "start": { "line": 4, "column": 0 },
            "end": { "line": 15, "column": 1 }
          }
        ]
      }
    },
    "b": { "0": [5] },
    "fnMap": {
      "0": {
        "name": "Textarea",
        "decl": {
          "start": { "line": 4, "column": 0 },
          "end": { "line": 15, "column": 1 }
        },
        "loc": {
          "start": { "line": 4, "column": 0 },
          "end": { "line": 15, "column": 1 }
        },
        "line": 4
      }
    },
    "f": { "0": 5 }
  },
  "C:\\Users\\ACER\\Desktop\\donut-ui\\src\\components\\Toggle.tsx": {
    "path": "C:\\Users\\ACER\\Desktop\\donut-ui\\src\\components\\Toggle.tsx",
    "all": false,
    "statementMap": {
      "0": {
        "start": { "line": 1, "column": 0 },
        "end": { "line": 1, "column": 31 }
      },
      "1": {
        "start": { "line": 2, "column": 0 },
        "end": { "line": 2, "column": 66 }
      },
      "2": {
        "start": { "line": 3, "column": 0 },
        "end": { "line": 3, "column": 34 }
      },
      "3": {
        "start": { "line": 5, "column": 0 },
        "end": { "line": 5, "column": 27 }
      },
      "4": {
        "start": { "line": 6, "column": 0 },
        "end": { "line": 6, "column": 562 }
      },
      "5": {
        "start": { "line": 7, "column": 0 },
        "end": { "line": 7, "column": 3 }
      },
      "6": {
        "start": { "line": 8, "column": 0 },
        "end": { "line": 8, "column": 15 }
      },
      "7": {
        "start": { "line": 9, "column": 0 },
        "end": { "line": 9, "column": 16 }
      },
      "8": {
        "start": { "line": 10, "column": 0 },
        "end": { "line": 10, "column": 34 }
      },
      "9": {
        "start": { "line": 11, "column": 0 },
        "end": { "line": 11, "column": 16 }
      },
      "10": {
        "start": { "line": 12, "column": 0 },
        "end": { "line": 12, "column": 102 }
      },
      "11": {
        "start": { "line": 13, "column": 0 },
        "end": { "line": 13, "column": 8 }
      },
      "12": {
        "start": { "line": 14, "column": 0 },
        "end": { "line": 14, "column": 13 }
      },
      "13": {
        "start": { "line": 15, "column": 0 },
        "end": { "line": 15, "column": 36 }
      },
      "14": {
        "start": { "line": 16, "column": 0 },
        "end": { "line": 16, "column": 33 }
      },
      "15": {
        "start": { "line": 17, "column": 0 },
        "end": { "line": 17, "column": 35 }
      },
      "16": {
        "start": { "line": 18, "column": 0 },
        "end": { "line": 18, "column": 8 }
      },
      "17": {
        "start": { "line": 19, "column": 0 },
        "end": { "line": 19, "column": 6 }
      },
      "18": {
        "start": { "line": 20, "column": 0 },
        "end": { "line": 20, "column": 22 }
      },
      "19": {
        "start": { "line": 21, "column": 0 },
        "end": { "line": 21, "column": 25 }
      },
      "20": {
        "start": { "line": 22, "column": 0 },
        "end": { "line": 22, "column": 22 }
      },
      "21": {
        "start": { "line": 23, "column": 0 },
        "end": { "line": 23, "column": 6 }
      },
      "22": {
        "start": { "line": 24, "column": 0 },
        "end": { "line": 24, "column": 3 }
      },
      "23": {
        "start": { "line": 38, "column": 0 },
        "end": { "line": 38, "column": 40 }
      },
      "24": {
        "start": { "line": 39, "column": 0 },
        "end": { "line": 39, "column": 10 }
      },
      "25": {
        "start": { "line": 40, "column": 0 },
        "end": { "line": 40, "column": 17 }
      },
      "26": {
        "start": { "line": 41, "column": 0 },
        "end": { "line": 41, "column": 18 }
      },
      "27": {
        "start": { "line": 42, "column": 0 },
        "end": { "line": 42, "column": 10 }
      },
      "28": {
        "start": { "line": 43, "column": 0 },
        "end": { "line": 43, "column": 7 }
      },
      "29": {
        "start": { "line": 44, "column": 0 },
        "end": { "line": 44, "column": 12 }
      },
      "30": {
        "start": { "line": 45, "column": 0 },
        "end": { "line": 45, "column": 10 }
      },
      "31": {
        "start": { "line": 46, "column": 0 },
        "end": { "line": 46, "column": 10 }
      },
      "32": {
        "start": { "line": 47, "column": 0 },
        "end": { "line": 47, "column": 7 }
      },
      "33": {
        "start": { "line": 48, "column": 0 },
        "end": { "line": 48, "column": 63 }
      },
      "34": {
        "start": { "line": 49, "column": 0 },
        "end": { "line": 49, "column": 27 }
      },
      "35": {
        "start": { "line": 51, "column": 0 },
        "end": { "line": 51, "column": 45 }
      },
      "36": {
        "start": { "line": 52, "column": 0 },
        "end": { "line": 52, "column": 67 }
      },
      "37": {
        "start": { "line": 54, "column": 0 },
        "end": { "line": 54, "column": 71 }
      },
      "38": {
        "start": { "line": 55, "column": 0 },
        "end": { "line": 55, "column": 39 }
      },
      "39": {
        "start": { "line": 56, "column": 0 },
        "end": { "line": 56, "column": 24 }
      },
      "40": {
        "start": { "line": 57, "column": 0 },
        "end": { "line": 57, "column": 37 }
      },
      "41": {
        "start": { "line": 58, "column": 0 },
        "end": { "line": 58, "column": 5 }
      },
      "42": {
        "start": { "line": 59, "column": 0 },
        "end": { "line": 59, "column": 34 }
      },
      "43": {
        "start": { "line": 60, "column": 0 },
        "end": { "line": 60, "column": 21 }
      },
      "44": {
        "start": { "line": 61, "column": 0 },
        "end": { "line": 61, "column": 4 }
      },
      "45": {
        "start": { "line": 63, "column": 0 },
        "end": { "line": 63, "column": 10 }
      },
      "46": {
        "start": { "line": 64, "column": 0 },
        "end": { "line": 64, "column": 11 }
      },
      "47": {
        "start": { "line": 65, "column": 0 },
        "end": { "line": 65, "column": 19 }
      },
      "48": {
        "start": { "line": 66, "column": 0 },
        "end": { "line": 66, "column": 48 }
      },
      "49": {
        "start": { "line": 67, "column": 0 },
        "end": { "line": 67, "column": 35 }
      },
      "50": {
        "start": { "line": 68, "column": 0 },
        "end": { "line": 68, "column": 66 }
      },
      "51": {
        "start": { "line": 69, "column": 0 },
        "end": { "line": 69, "column": 27 }
      },
      "52": {
        "start": { "line": 70, "column": 0 },
        "end": { "line": 70, "column": 16 }
      },
      "53": {
        "start": { "line": 73, "column": 0 },
        "end": { "line": 73, "column": 2 }
      },
      "54": {
        "start": { "line": 75, "column": 0 },
        "end": { "line": 75, "column": 18 }
      }
    },
    "s": {
      "0": 2,
      "1": 2,
      "2": 2,
      "3": 2,
      "4": 2,
      "5": 2,
      "6": 2,
      "7": 2,
      "8": 2,
      "9": 2,
      "10": 2,
      "11": 2,
      "12": 2,
      "13": 2,
      "14": 2,
      "15": 2,
      "16": 2,
      "17": 2,
      "18": 2,
      "19": 2,
      "20": 2,
      "21": 2,
      "22": 2,
      "23": 2,
      "24": 14,
      "25": 14,
      "26": 14,
      "27": 14,
      "28": 14,
      "29": 14,
      "30": 14,
      "31": 14,
      "32": 14,
      "33": 14,
      "34": 14,
      "35": 14,
      "36": 14,
      "37": 14,
      "38": 5,
      "39": 5,
      "40": 4,
      "41": 4,
      "42": 5,
      "43": 5,
      "44": 5,
      "45": 14,
      "46": 14,
      "47": 14,
      "48": 14,
      "49": 14,
      "50": 14,
      "51": 14,
      "52": 14,
      "53": 14,
      "54": 1
    },
    "branchMap": {
      "0": {
        "type": "branch",
        "line": 38,
        "loc": {
          "start": { "line": 38, "column": 38 },
          "end": { "line": 73, "column": 2 }
        },
        "locations": [
          {
            "start": { "line": 38, "column": 38 },
            "end": { "line": 73, "column": 2 }
          }
        ]
      },
      "1": {
        "type": "branch",
        "line": 49,
        "loc": {
          "start": { "line": 49, "column": 4 },
          "end": { "line": 49, "column": 27 }
        },
        "locations": [
          {
            "start": { "line": 49, "column": 4 },
            "end": { "line": 49, "column": 27 }
          }
        ]
      },
      "2": {
        "type": "branch",
        "line": 52,
        "loc": {
          "start": { "line": 52, "column": 25 },
          "end": { "line": 52, "column": 51 }
        },
        "locations": [
          {
            "start": { "line": 52, "column": 25 },
            "end": { "line": 52, "column": 51 }
          }
        ]
      },
      "3": {
        "type": "branch",
        "line": 52,
        "loc": {
          "start": { "line": 52, "column": 40 },
          "end": { "line": 52, "column": 67 }
        },
        "locations": [
          {
            "start": { "line": 52, "column": 40 },
            "end": { "line": 52, "column": 67 }
          }
        ]
      },
      "4": {
        "type": "branch",
        "line": 66,
        "loc": {
          "start": { "line": 66, "column": 18 },
          "end": { "line": 66, "column": 42 }
        },
        "locations": [
          {
            "start": { "line": 66, "column": 18 },
            "end": { "line": 66, "column": 42 }
          }
        ]
      },
      "5": {
        "type": "branch",
        "line": 66,
        "loc": {
          "start": { "line": 66, "column": 35 },
          "end": { "line": 66, "column": 48 }
        },
        "locations": [
          {
            "start": { "line": 66, "column": 35 },
            "end": { "line": 66, "column": 48 }
          }
        ]
      },
      "6": {
        "type": "branch",
        "line": 54,
        "loc": {
          "start": { "line": 54, "column": 22 },
          "end": { "line": 61, "column": 4 }
        },
        "locations": [
          {
            "start": { "line": 54, "column": 22 },
            "end": { "line": 61, "column": 4 }
          }
        ]
      },
      "7": {
        "type": "branch",
        "line": 56,
        "loc": {
          "start": { "line": 56, "column": 23 },
          "end": { "line": 58, "column": 5 }
        },
        "locations": [
          {
            "start": { "line": 56, "column": 23 },
            "end": { "line": 58, "column": 5 }
          }
        ]
      },
      "8": {
        "type": "branch",
        "line": 59,
        "loc": {
          "start": { "line": 59, "column": 4 },
          "end": { "line": 59, "column": 34 }
        },
        "locations": [
          {
            "start": { "line": 59, "column": 4 },
            "end": { "line": 59, "column": 34 }
          }
        ]
      },
      "9": {
        "type": "branch",
        "line": 60,
        "loc": {
          "start": { "line": 60, "column": 4 },
          "end": { "line": 60, "column": 21 }
        },
        "locations": [
          {
            "start": { "line": 60, "column": 4 },
            "end": { "line": 60, "column": 21 }
          }
        ]
      }
    },
    "b": {
      "0": [14],
      "1": [9],
      "2": [2],
      "3": [12],
      "4": [5],
      "5": [9],
      "6": [5],
      "7": [4],
      "8": [3],
      "9": [0]
    },
    "fnMap": {
      "0": {
        "name": "Toggle",
        "decl": {
          "start": { "line": 38, "column": 38 },
          "end": { "line": 73, "column": 2 }
        },
        "loc": {
          "start": { "line": 38, "column": 38 },
          "end": { "line": 73, "column": 2 }
        },
        "line": 38
      },
      "1": {
        "name": "handleClick",
        "decl": {
          "start": { "line": 54, "column": 22 },
          "end": { "line": 61, "column": 4 }
        },
        "loc": {
          "start": { "line": 54, "column": 22 },
          "end": { "line": 61, "column": 4 }
        },
        "line": 54
      }
    },
    "f": { "0": 14, "1": 5 }
  },
  "C:\\Users\\ACER\\Desktop\\donut-ui\\src\\components\\index.ts": {
    "path": "C:\\Users\\ACER\\Desktop\\donut-ui\\src\\components\\index.ts",
    "all": false,
    "statementMap": {
      "0": {
        "start": { "line": 1, "column": 0 },
        "end": { "line": 1, "column": 34 }
      },
      "1": {
        "start": { "line": 2, "column": 0 },
        "end": { "line": 2, "column": 32 }
      },
      "2": {
        "start": { "line": 3, "column": 0 },
        "end": { "line": 3, "column": 63 }
      },
      "3": {
        "start": { "line": 4, "column": 0 },
        "end": { "line": 4, "column": 32 }
      },
      "4": {
        "start": { "line": 5, "column": 0 },
        "end": { "line": 5, "column": 32 }
      },
      "5": {
        "start": { "line": 6, "column": 0 },
        "end": { "line": 6, "column": 38 }
      },
      "6": {
        "start": { "line": 7, "column": 0 },
        "end": { "line": 7, "column": 58 }
      },
      "7": {
        "start": { "line": 8, "column": 0 },
        "end": { "line": 8, "column": 34 }
      },
      "8": {
        "start": { "line": 9, "column": 0 },
        "end": { "line": 9, "column": 34 }
      }
    },
    "s": {
      "0": 2,
      "1": 2,
      "2": 2,
      "3": 2,
      "4": 2,
      "5": 2,
      "6": 2,
      "7": 2,
      "8": 2
    },
    "branchMap": {},
    "b": {},
    "fnMap": {},
    "f": {}
  }
}
